[2023-10-15 19:27:41] No settings files found: C:/Games/Mindustry/saves/settings.bin and C:/Games/Mindustry/saves/settings_backup.bin
[2023-10-15 19:28:03] Saving 17 values; 303 bytes
[2023-10-15 19:28:18] Saving 17 values; 303 bytes
[2024-06-04 18:01:56] Loaded 17 values
[2024-06-04 18:01:56] Backed up saves/settings.bin to saves/settings_backup.bin (303 bytes)
[2024-06-04 18:02:02] Saving 17 values; 303 bytes
[2024-06-04 18:02:31] Saving 17 values; 303 bytes
[2024-06-04 18:02:31] Saving 17 values; 303 bytes
[2024-06-04 18:02:36] Saving 18 values; 323 bytes
[2024-06-04 18:02:36] Saving 19 values; 351 bytes
[2024-06-04 18:02:59] Saving 20 values; 363 bytes
[2024-06-04 18:03:01] Saving 20 values; 363 bytes
[2024-06-04 18:03:02] Saving 20 values; 363 bytes
[2024-06-04 18:03:03] Saving 20 values; 363 bytes
[2024-06-04 18:03:03] Saving 20 values; 363 bytes
[2024-06-04 18:03:08] Saving 21 values; 370 bytes
[2024-06-04 18:03:14] Saving 21 values; 370 bytes
[2024-06-04 18:03:15] Saving 21 values; 370 bytes
[2024-06-04 18:03:20] Saving 21 values; 370 bytes
[2024-06-04 18:03:20] Saving 21 values; 370 bytes
[2024-06-04 18:03:20] Saving 21 values; 370 bytes
[2024-06-04 18:03:20] Saving 21 values; 370 bytes
[2024-06-04 18:03:20] Saving 21 values; 370 bytes
[2024-06-04 18:03:20] Saving 21 values; 370 bytes
[2024-06-04 18:03:20] Saving 21 values; 370 bytes
[2024-06-04 18:03:20] Saving 21 values; 370 bytes
[2024-06-04 18:03:20] Saving 21 values; 370 bytes
[2024-06-04 18:03:21] Saving 21 values; 370 bytes
[2024-06-04 18:03:21] Saving 21 values; 370 bytes
[2024-06-04 18:03:21] Saving 21 values; 370 bytes
[2024-06-04 18:03:21] Saving 21 values; 370 bytes
[2024-06-04 18:03:21] Saving 21 values; 370 bytes
[2024-06-04 18:03:21] Saving 21 values; 370 bytes
[2024-06-04 18:03:21] Saving 21 values; 370 bytes
[2024-06-04 18:03:21] Saving 21 values; 370 bytes
[2024-06-04 18:03:21] Saving 21 values; 370 bytes
[2024-06-04 18:03:21] Saving 21 values; 370 bytes
[2024-06-04 18:03:21] Saving 21 values; 370 bytes
[2024-06-04 18:03:22] Saving 21 values; 370 bytes
[2024-06-04 18:03:22] Saving 21 values; 370 bytes
[2024-06-04 18:03:22] Saving 21 values; 370 bytes
[2024-06-04 18:03:22] Saving 21 values; 370 bytes
[2024-06-04 18:03:22] Saving 21 values; 370 bytes
[2024-06-04 18:03:22] Saving 21 values; 370 bytes
[2024-06-04 18:03:22] Saving 21 values; 370 bytes
[2024-06-04 18:03:22] Saving 21 values; 370 bytes
[2024-06-04 18:03:22] Saving 21 values; 370 bytes
[2024-06-04 18:03:23] Saving 21 values; 370 bytes
[2024-06-04 18:03:23] Saving 21 values; 370 bytes
[2024-06-04 18:03:23] Saving 21 values; 370 bytes
[2024-06-04 18:03:23] Saving 21 values; 370 bytes
[2024-06-04 18:03:24] Saving 21 values; 370 bytes
[2024-06-04 18:03:24] Saving 21 values; 370 bytes
[2024-06-04 18:03:48] Saving 21 values; 370 bytes
[2024-06-04 18:04:21] Saving 22 values; 388 bytes
[2024-06-04 18:04:26] Saving 22 values; 388 bytes
[2024-06-04 18:04:26] Saving 23 values; 414 bytes
[2024-06-04 18:04:26] Saving 24 values; 478 bytes
[2024-06-04 18:04:27] Saving 24 values; 478 bytes
[2024-06-04 18:05:37] Saving 811 values; 26242 bytes
[2024-06-04 18:05:41] Saving 811 values; 26242 bytes
[2024-06-04 18:05:43] Saving 812 values; 26271 bytes
[2024-06-04 18:05:48] Saving 813 values; 26292 bytes
[2024-06-04 18:05:50] Saving 814 values; 26313 bytes
[2024-06-04 18:05:51] Saving 814 values; 26313 bytes
[2024-06-04 18:09:04] Saving 818 values; 26443 bytes
[2024-06-04 18:09:08] Saving 819 values; 26459 bytes
[2024-06-04 18:09:11] Saving 819 values; 26459 bytes
[2024-06-04 18:09:13] Saving 820 values; 26483 bytes
[2024-06-04 18:09:29] Saving 820 values; 26516 bytes
[2024-06-04 18:12:15] Saving 820 values; 26536 bytes
[2024-06-04 18:12:18] Saving 820 values; 26536 bytes
[2024-06-04 18:12:20] Saving 821 values; 26556 bytes
[2024-06-04 18:18:13] Saving 821 values; 26567 bytes
[2024-06-04 18:18:15] Saving 822 values; 26597 bytes
[2024-06-04 18:18:17] Saving 823 values; 26616 bytes
[2024-06-04 18:18:18] Saving 824 values; 26635 bytes
[2024-06-04 18:18:19] Saving 825 values; 26659 bytes
[2024-06-04 18:18:19] Saving 825 values; 26659 bytes
[2024-06-04 18:18:20] Saving 825 values; 26659 bytes
[2024-06-04 18:18:21] Saving 825 values; 26659 bytes
[2024-06-04 18:18:29] Saving 825 values; 26659 bytes
[2024-06-04 18:27:33] Saving 828 values; 26809 bytes
[2024-06-04 18:27:34] Saving 829 values; 26835 bytes
[2024-06-04 18:27:34] Saving 830 values; 26863 bytes
[2024-06-04 18:27:35] Saving 831 values; 26890 bytes
[2024-06-04 18:27:36] Saving 832 values; 26918 bytes
[2024-06-04 18:37:17] Saving 833 values; 26974 bytes
[2024-06-04 18:47:06] Saving 834 values; 27066 bytes
[2024-06-04 18:47:13] Saving 835 values; 27092 bytes
[2024-06-04 18:47:43] Saving 839 values; 27192 bytes
[2024-06-04 18:50:21] Saving 841 values; 27257 bytes
[2024-06-04 18:50:28] Saving 841 values; 27257 bytes
[2024-06-04 18:50:34] Saving 842 values; 27322 bytes
[2024-06-04 18:50:42] Saving 843 values; 27349 bytes
[2024-06-04 18:50:45] Saving 844 values; 27430 bytes
[2024-06-04 18:52:08] Saving 846 values; 28383 bytes
[2024-06-04 18:54:44] Saving 846 values; 28381 bytes
[2024-06-04 19:14:22] Saving 847 values; 28524 bytes
[2024-06-04 19:32:05] Saving 848 values; 28588 bytes
[2024-06-04 19:32:12] Saving 849 values; 28615 bytes
[2024-06-04 19:32:14] Saving 850 values; 28643 bytes
[2024-06-04 19:32:16] Saving 851 values; 28670 bytes
[2024-06-04 19:32:18] Saving 852 values; 28703 bytes
[2024-06-04 19:32:19] Saving 853 values; 28726 bytes
[2024-06-04 19:32:21] Saving 854 values; 28745 bytes
[2024-06-04 19:32:21] Saving 855 values; 28765 bytes
[2024-06-04 19:32:32] Saving 855 values; 28804 bytes
[2024-06-04 19:33:32] Saving 855 values; 28804 bytes
[2024-06-04 19:34:15] Saving 855 values; 28826 bytes
[2024-06-04 19:34:32] Saving 855 values; 28826 bytes
[2024-06-04 19:37:34] Saving 856 values; 28897 bytes
[2024-06-04 20:08:16] Saving 860 values; 29137 bytes
[2024-06-04 20:08:17] Saving 861 values; 29156 bytes
[2024-06-04 20:08:19] Saving 862 values; 29172 bytes
[2024-06-04 20:08:21] Saving 862 values; 29172 bytes
[2024-06-04 20:08:23] Saving 862 values; 29172 bytes
[2024-06-04 20:40:43] Saving 863 values; 29225 bytes
[2024-06-04 20:40:45] Saving 864 values; 29249 bytes
[2024-06-04 20:40:47] Saving 865 values; 29273 bytes
[2024-06-04 20:40:47] Saving 865 values; 29273 bytes
[2024-06-04 20:49:41] Saving 865 values; 29273 bytes
[2024-06-04 20:50:32] Saving 865 values; 29273 bytes
[2024-06-04 20:51:32] Saving 865 values; 29273 bytes
[2024-06-04 20:52:11] Saving 865 values; 29273 bytes
[2024-06-04 21:15:50] Saving 865 values; 29273 bytes
[2024-06-04 21:15:55] Saving 866 values; 29301 bytes
[2024-06-04 21:15:57] Saving 867 values; 29320 bytes
[2024-06-04 21:15:57] Saving 868 values; 29340 bytes
[2024-06-04 21:15:58] Saving 869 values; 29364 bytes
[2024-06-04 21:16:02] Saving 869 values; 29364 bytes
[2024-06-04 21:41:47] Saving 869 values; 29381 bytes
[2024-06-04 21:41:51] Saving 870 values; 29408 bytes
[2024-06-04 21:41:53] Saving 871 values; 29432 bytes
[2024-06-04 21:41:55] Saving 872 values; 29450 bytes
[2024-06-04 21:41:57] Saving 872 values; 29450 bytes
[2024-06-04 21:42:19] Saving 872 values; 29450 bytes
[2024-06-04 21:42:22] Saving 873 values; 29469 bytes
[2024-06-04 21:42:32] Saving 873 values; 29480 bytes
[2024-06-04 21:42:43] Saving 873 values; 29456 bytes
[2024-06-04 21:44:59] Saving 873 values; 29469 bytes
[2024-06-04 21:45:04] Saving 873 values; 29445 bytes
[2024-06-04 21:46:37] Saving 873 values; 29480 bytes
[2024-06-04 21:46:40] Saving 873 values; 29469 bytes
[2024-06-04 21:46:40] Saving 873 values; 29469 bytes
[2024-06-04 21:46:41] Saving 873 values; 29469 bytes
[2024-06-04 21:50:22] Saving 873 values; 29480 bytes
[2024-06-04 21:50:24] Saving 873 values; 29469 bytes
[2024-06-04 21:52:31] Saving 873 values; 29480 bytes
[2024-06-04 21:52:32] Saving 873 values; 29480 bytes
[2024-06-04 21:52:33] Saving 873 values; 29480 bytes
[2024-06-04 21:52:35] Saving 873 values; 29469 bytes
[2024-06-04 21:53:42] Saving 873 values; 29458 bytes
[2024-06-04 21:53:49] Saving 873 values; 29458 bytes
[2024-06-04 21:53:58] Saving 873 values; 29458 bytes
[2024-06-04 21:54:18] Saving 873 values; 29513 bytes
[2024-06-04 21:54:32] Saving 873 values; 29513 bytes
[2024-06-04 21:57:52] Saving 873 values; 29513 bytes
[2024-06-04 21:57:54] Saving 873 values; 29513 bytes
[2024-06-04 22:08:09] Saving 873 values; 29524 bytes
[2024-06-04 22:08:10] Saving 874 values; 29541 bytes
[2024-06-04 22:08:20] Saving 874 values; 29541 bytes
[2024-06-04 22:08:25] Saving 874 values; 29541 bytes
[2024-06-04 22:08:25] Saving 874 values; 29541 bytes
[2024-06-04 22:11:50] Saving 874 values; 29541 bytes
[2024-06-04 22:12:12] Saving 875 values; 29561 bytes
[2024-06-04 22:12:13] Saving 875 values; 29561 bytes
[2024-06-04 22:18:37] Saving 875 values; 29561 bytes
[2024-06-04 22:18:38] Saving 876 values; 29589 bytes
[2024-06-04 22:20:46] Saving 876 values; 29589 bytes
[2024-06-04 22:20:55] Saving 876 values; 29600 bytes
[2024-06-04 22:20:58] Saving 877 values; 29616 bytes
[2024-06-04 22:21:03] Saving 877 values; 29604 bytes
[2024-06-04 22:21:04] Saving 878 values; 29708 bytes
[2024-06-04 22:28:17] Saving 882 values; 30749 bytes
[2024-06-04 22:28:30] Saving 882 values; 30749 bytes
[2024-06-04 22:28:30] Saving 882 values; 30749 bytes
[2024-06-04 22:28:30] Saving 882 values; 30749 bytes
[2024-06-04 22:28:33] Saving 882 values; 30749 bytes
[2024-06-04 22:28:35] Saving 882 values; 30749 bytes
[2024-06-04 22:28:40] Saving 882 values; 30749 bytes
[2024-06-04 22:30:23] Saving 882 values; 30749 bytes
[2024-06-04 22:52:29] Saving 883 values; 30835 bytes
[2024-06-04 22:52:30] Saving 883 values; 30835 bytes
[2024-06-04 22:54:40] Saving 883 values; 30835 bytes
[2024-06-04 22:54:44] Saving 883 values; 30835 bytes
[2024-06-04 22:54:53] Saving 883 values; 30835 bytes
[2024-06-04 22:54:55] Saving 883 values; 30769 bytes
[2024-06-04 22:54:56] Saving 883 values; 30769 bytes
[2024-06-04 22:54:57] Saving 883 values; 30769 bytes
[2024-06-04 22:54:58] Saving 883 values; 30769 bytes
[2024-06-04 22:54:58] Saving 883 values; 30769 bytes
[2024-06-04 22:54:58] Saving 883 values; 30769 bytes
[2024-06-04 22:54:59] Saving 883 values; 30769 bytes
[2024-06-04 22:54:59] Saving 883 values; 30769 bytes
[2024-06-04 22:55:00] Saving 883 values; 30769 bytes
[2024-06-04 22:55:00] Saving 883 values; 30769 bytes
[2024-06-04 22:55:00] Saving 883 values; 30769 bytes
[2024-06-04 22:55:03] Saving 883 values; 30769 bytes
[2024-06-04 22:55:03] Saving 884 values; 30850 bytes
[2024-06-04 23:09:24] Saving 888 values; 31898 bytes
[2024-06-04 23:37:44] Saving 888 values; 32036 bytes
[2024-06-04 23:41:33] Saving 888 values; 32050 bytes
[2024-06-05 00:09:16] Saving 888 values; 32121 bytes
[2024-06-05 00:09:31] Saving 888 values; 32121 bytes
[2024-06-05 00:23:37] Saving 890 values; 32193 bytes
[2024-06-05 00:54:51] Saving 893 values; 32145 bytes
[2024-06-05 01:29:02] Saving 893 values; 32145 bytes
[2024-06-05 01:29:04] Saving 893 values; 32145 bytes
[2024-06-05 01:29:05] Saving 893 values; 32145 bytes
[2024-06-05 01:29:07] Saving 893 values; 32145 bytes
[2024-06-05 01:29:08] Saving 893 values; 32145 bytes
[2024-06-05 01:29:12] Saving 893 values; 32199 bytes
[2024-06-05 01:29:14] Saving 894 values; 32220 bytes
[2024-06-05 01:29:14] Saving 894 values; 32220 bytes
[2024-06-05 01:29:14] Saving 894 values; 32220 bytes
[2024-06-05 01:29:17] Saving 894 values; 32220 bytes
[2024-06-05 01:29:17] Saving 894 values; 32220 bytes
[2024-06-05 01:29:17] Saving 894 values; 32220 bytes
[2024-06-05 01:45:36] Saving 894 values; 32325 bytes
[2024-06-05 01:56:47] Saving 895 values; 32391 bytes
[2024-06-05 02:00:14] Saving 895 values; 32290 bytes
[2024-06-05 02:00:19] Saving 895 values; 32279 bytes
[2024-06-05 02:00:22] Saving 895 values; 32253 bytes
[2024-06-05 02:00:22] Saving 895 values; 32253 bytes
[2024-06-05 02:00:22] Saving 895 values; 32253 bytes
[2024-06-05 02:00:25] Saving 895 values; 32268 bytes
[2024-06-05 02:00:25] Saving 895 values; 32268 bytes
[2024-06-05 02:00:25] Saving 895 values; 32268 bytes
[2024-06-05 02:51:12] Saving 895 values; 32511 bytes
[2024-06-05 02:51:22] Saving 895 values; 32511 bytes
[2024-06-05 02:51:27] Saving 895 values; 32511 bytes
[2024-06-05 02:51:54] Saving 895 values; 32511 bytes
[2024-06-05 02:52:10] Saving 895 values; 32511 bytes
[2024-06-05 02:52:47] Saving 895 values; 32511 bytes
[2024-06-05 02:52:51] Saving 895 values; 32511 bytes
[2024-06-05 02:52:59] Saving 895 values; 32523 bytes
[2024-06-05 02:53:06] Saving 895 values; 32468 bytes
[2024-06-05 02:53:07] Saving 896 values; 32562 bytes
[2024-06-05 02:56:30] Saving 898 values; 33596 bytes
[2024-06-05 03:24:38] Saving 899 values; 33727 bytes
[2024-06-05 03:24:43] Saving 899 values; 33703 bytes
[2024-06-05 03:24:47] Saving 899 values; 33703 bytes
[2024-06-05 03:24:48] Saving 899 values; 33703 bytes
[2024-06-05 03:24:48] Saving 899 values; 33703 bytes
[2024-06-05 03:25:24] Saving 899 values; 33703 bytes
[2024-06-05 03:25:59] Saving 899 values; 33738 bytes
[2024-06-05 03:26:04] Saving 899 values; 33703 bytes
[2024-06-05 03:29:50] Saving 899 values; 33725 bytes
[2024-06-05 03:30:24] Saving 899 values; 33725 bytes
[2024-06-05 03:31:24] Saving 899 values; 33725 bytes
[2024-06-05 03:31:48] Saving 899 values; 33725 bytes
[2024-06-05 03:31:54] Saving 899 values; 33738 bytes
[2024-06-05 03:33:29] Saving 899 values; 33738 bytes
[2024-06-05 03:33:32] Saving 899 values; 33738 bytes
[2024-06-05 03:33:38] Saving 899 values; 33749 bytes
[2024-06-05 03:33:43] Saving 899 values; 33682 bytes
[2024-06-05 03:33:44] Saving 900 values; 33775 bytes
[2024-06-05 04:01:57] Saving 903 values; 34922 bytes
[2024-06-05 04:22:22] Saving 903 values; 35027 bytes
[2024-06-05 04:22:25] Saving 903 values; 35016 bytes
[2024-06-05 04:22:43] Saving 903 values; 35016 bytes
[2024-06-05 04:22:45] Saving 903 values; 35016 bytes
[2024-06-05 20:26:35] Loaded 903 values
[2024-06-05 20:26:35] Backed up saves/settings.bin to saves/settings_backup.bin (35016 bytes)
[2024-06-05 20:26:38] Saving 903 values; 35016 bytes
[2024-06-05 20:28:24] Saving 903 values; 35002 bytes
[2024-06-05 20:28:25] Saving 903 values; 35016 bytes
[2024-06-05 20:28:28] Saving 903 values; 35002 bytes
[2024-06-05 20:28:29] Saving 903 values; 35016 bytes
[2024-06-05 20:30:21] Saving 903 values; 34991 bytes
[2024-06-05 20:30:21] Saving 903 values; 34991 bytes
[2024-06-05 20:30:21] Saving 903 values; 34991 bytes
[2024-06-05 20:30:22] Saving 903 values; 34991 bytes
[2024-06-05 20:30:25] Saving 903 values; 34991 bytes
[2024-06-05 20:30:25] Saving 903 values; 35046 bytes
[2024-06-05 20:30:25] Saving 903 values; 35046 bytes
[2024-06-05 20:30:29] Saving 905 values; 35525 bytes
[2024-06-05 20:47:53] Saving 906 values; 36138 bytes
[2024-06-06 01:53:00] Saving 906 values; 36113 bytes
[2024-06-06 01:53:01] Saving 906 values; 36113 bytes
[2024-06-06 01:53:03] Saving 906 values; 36098 bytes
[2024-06-06 01:53:03] Saving 906 values; 36098 bytes
[2024-06-06 01:53:03] Saving 906 values; 36098 bytes
[2024-06-06 01:53:06] Saving 906 values; 36098 bytes
[2024-06-06 01:53:07] Saving 907 values; 36189 bytes
[2024-06-06 01:53:12] Saving 909 values; 36597 bytes
[2024-06-06 02:43:53] Saving 910 values; 37335 bytes
[2024-06-06 02:44:05] Saving 910 values; 37335 bytes
[2024-06-06 02:44:15] Saving 910 values; 37335 bytes
[2024-06-06 02:44:30] Saving 910 values; 37335 bytes
[2024-06-06 02:45:05] Saving 910 values; 37335 bytes
[2024-06-06 02:46:05] Saving 910 values; 37335 bytes
[2024-06-06 02:47:05] Saving 910 values; 37335 bytes
[2024-06-06 02:48:05] Saving 910 values; 37335 bytes
[2024-06-06 02:49:05] Saving 910 values; 37335 bytes
[2024-06-06 02:50:05] Saving 910 values; 37335 bytes
[2024-06-06 02:51:05] Saving 910 values; 37335 bytes
[2024-06-06 02:52:05] Saving 910 values; 37335 bytes
[2024-06-06 02:53:05] Saving 910 values; 37335 bytes
[2024-06-06 02:54:05] Saving 910 values; 37335 bytes
[2024-06-06 02:55:05] Saving 910 values; 37335 bytes
[2024-06-06 02:56:05] Saving 910 values; 37335 bytes
[2024-06-06 02:57:05] Saving 910 values; 37335 bytes
[2024-06-06 02:58:05] Saving 910 values; 37335 bytes
[2024-06-06 02:59:05] Saving 910 values; 37335 bytes
[2024-06-06 03:00:05] Saving 910 values; 37335 bytes
[2024-06-06 03:01:05] Saving 910 values; 37335 bytes
[2024-06-06 03:02:05] Saving 910 values; 37335 bytes
[2024-06-06 03:03:05] Saving 910 values; 37335 bytes
[2024-06-06 03:04:05] Saving 910 values; 37335 bytes
[2024-06-06 03:05:05] Saving 910 values; 37335 bytes
[2024-06-06 03:06:05] Saving 910 values; 37335 bytes
[2024-06-06 03:07:05] Saving 910 values; 37335 bytes
[2024-06-06 03:08:05] Saving 910 values; 37335 bytes
[2024-06-06 03:09:05] Saving 910 values; 37335 bytes
[2024-06-06 03:10:05] Saving 910 values; 37335 bytes
[2024-06-06 03:11:05] Saving 910 values; 37335 bytes
[2024-06-06 03:12:05] Saving 910 values; 37335 bytes
[2024-06-06 03:13:05] Saving 910 values; 37335 bytes
[2024-06-06 03:14:05] Saving 910 values; 37335 bytes
[2024-06-06 03:15:05] Saving 910 values; 37335 bytes
[2024-06-06 03:16:05] Saving 910 values; 37335 bytes
[2024-06-06 03:17:05] Saving 910 values; 37335 bytes
[2024-06-06 03:18:05] Saving 910 values; 37335 bytes
[2024-06-06 03:19:05] Saving 910 values; 37335 bytes
[2024-06-06 03:20:05] Saving 910 values; 37335 bytes
[2024-06-06 03:21:05] Saving 910 values; 37335 bytes
[2024-06-06 03:22:05] Saving 910 values; 37335 bytes
[2024-06-06 03:23:05] Saving 910 values; 37335 bytes
[2024-06-06 03:24:05] Saving 910 values; 37335 bytes
[2024-06-06 03:25:05] Saving 910 values; 37335 bytes
[2024-06-06 03:26:05] Saving 910 values; 37335 bytes
[2024-06-06 03:27:05] Saving 910 values; 37335 bytes
[2024-06-06 03:28:05] Saving 910 values; 37335 bytes
[2024-06-06 03:29:05] Saving 910 values; 37335 bytes
[2024-06-06 03:30:05] Saving 910 values; 37335 bytes
[2024-06-06 03:31:05] Saving 910 values; 37335 bytes
[2024-06-06 03:32:05] Saving 910 values; 37335 bytes
[2024-06-06 03:33:05] Saving 910 values; 37335 bytes
[2024-06-06 03:34:05] Saving 910 values; 37335 bytes
[2024-06-06 03:35:05] Saving 910 values; 37335 bytes
[2024-06-06 03:36:05] Saving 910 values; 37335 bytes
[2024-06-06 03:37:05] Saving 910 values; 37335 bytes
[2024-06-06 03:38:05] Saving 910 values; 37335 bytes
[2024-06-06 03:39:05] Saving 910 values; 37335 bytes
[2024-06-06 03:40:05] Saving 910 values; 37335 bytes
[2024-06-06 03:41:05] Saving 910 values; 37335 bytes
[2024-06-06 03:42:05] Saving 910 values; 37335 bytes
[2024-06-06 03:43:05] Saving 910 values; 37335 bytes
[2024-06-06 03:44:05] Saving 910 values; 37335 bytes
[2024-06-06 03:45:05] Saving 910 values; 37335 bytes
[2024-06-06 03:46:05] Saving 910 values; 37335 bytes
[2024-06-06 03:47:05] Saving 910 values; 37335 bytes
[2024-06-06 03:48:05] Saving 910 values; 37335 bytes
[2024-06-06 03:49:05] Saving 910 values; 37335 bytes
[2024-06-06 03:50:05] Saving 910 values; 37335 bytes
[2024-06-06 03:51:05] Saving 910 values; 37335 bytes
[2024-06-06 03:52:05] Saving 910 values; 37335 bytes
[2024-06-06 03:53:05] Saving 910 values; 37335 bytes
[2024-06-06 03:54:05] Saving 910 values; 37335 bytes
[2024-06-06 03:55:05] Saving 910 values; 37335 bytes
[2024-06-06 03:56:05] Saving 910 values; 37335 bytes
[2024-06-06 03:57:05] Saving 910 values; 37335 bytes
[2024-06-06 03:58:05] Saving 910 values; 37335 bytes
[2024-06-06 03:59:05] Saving 910 values; 37335 bytes
[2024-06-06 04:00:05] Saving 910 values; 37335 bytes
[2024-06-06 04:01:05] Saving 910 values; 37335 bytes
[2024-06-06 04:02:05] Saving 910 values; 37335 bytes
[2024-06-06 04:03:05] Saving 910 values; 37335 bytes
[2024-06-06 04:04:05] Saving 910 values; 37335 bytes
[2024-06-06 04:05:05] Saving 910 values; 37335 bytes
[2024-06-06 04:06:05] Saving 910 values; 37335 bytes
[2024-06-06 04:07:05] Saving 910 values; 37335 bytes
[2024-06-06 04:08:05] Saving 910 values; 37335 bytes
[2024-06-06 04:09:05] Saving 910 values; 37335 bytes
[2024-06-06 04:10:05] Saving 910 values; 37335 bytes
[2024-06-06 04:11:05] Saving 910 values; 37335 bytes
[2024-06-06 04:12:05] Saving 910 values; 37335 bytes
[2024-06-06 04:13:05] Saving 910 values; 37335 bytes
[2024-06-06 04:14:05] Saving 910 values; 37335 bytes
[2024-06-06 04:15:05] Saving 910 values; 37335 bytes
[2024-06-06 04:16:05] Saving 910 values; 37335 bytes
[2024-06-06 04:17:05] Saving 910 values; 37335 bytes
[2024-06-06 04:18:05] Saving 910 values; 37335 bytes
[2024-06-06 04:19:05] Saving 910 values; 37335 bytes
[2024-06-06 04:20:05] Saving 910 values; 37335 bytes
[2024-06-06 04:21:05] Saving 910 values; 37335 bytes
[2024-06-06 04:22:05] Saving 910 values; 37335 bytes
[2024-06-06 04:23:05] Saving 910 values; 37335 bytes
[2024-06-06 04:24:05] Saving 910 values; 37335 bytes
[2024-06-06 04:25:05] Saving 910 values; 37335 bytes
[2024-06-06 04:26:05] Saving 910 values; 37335 bytes
[2024-06-06 04:27:05] Saving 910 values; 37335 bytes
[2024-06-06 04:28:05] Saving 910 values; 37335 bytes
[2024-06-06 04:29:05] Saving 910 values; 37335 bytes
[2024-06-06 04:30:05] Saving 910 values; 37335 bytes
[2024-06-06 04:31:05] Saving 910 values; 37335 bytes
[2024-06-06 04:32:05] Saving 910 values; 37335 bytes
[2024-06-06 04:33:05] Saving 910 values; 37335 bytes
[2024-06-06 04:34:05] Saving 910 values; 37335 bytes
[2024-06-06 04:35:05] Saving 910 values; 37335 bytes
[2024-06-06 04:36:05] Saving 910 values; 37335 bytes
[2024-06-06 04:37:05] Saving 910 values; 37335 bytes
[2024-06-06 04:38:05] Saving 910 values; 37335 bytes
[2024-06-06 04:39:05] Saving 910 values; 37335 bytes
[2024-06-06 04:40:05] Saving 910 values; 37335 bytes
[2024-06-06 04:41:05] Saving 910 values; 37335 bytes
[2024-06-06 04:42:05] Saving 910 values; 37335 bytes
[2024-06-06 04:43:05] Saving 910 values; 37335 bytes
[2024-06-06 04:44:05] Saving 910 values; 37335 bytes
[2024-06-06 04:45:05] Saving 910 values; 37335 bytes
[2024-06-06 04:46:05] Saving 910 values; 37335 bytes
[2024-06-06 04:47:05] Saving 910 values; 37335 bytes
[2024-06-06 04:48:05] Saving 910 values; 37335 bytes
[2024-06-06 04:49:05] Saving 910 values; 37335 bytes
[2024-06-06 04:50:05] Saving 910 values; 37335 bytes
[2024-06-06 04:51:05] Saving 910 values; 37335 bytes
[2024-06-06 04:52:05] Saving 910 values; 37335 bytes
[2024-06-06 04:53:05] Saving 910 values; 37335 bytes
[2024-06-06 04:54:05] Saving 910 values; 37335 bytes
[2024-06-06 04:55:05] Saving 910 values; 37335 bytes
[2024-06-06 04:56:05] Saving 910 values; 37335 bytes
[2024-06-06 04:57:05] Saving 910 values; 37335 bytes
[2024-06-06 04:58:05] Saving 910 values; 37335 bytes
[2024-06-06 04:59:05] Saving 910 values; 37335 bytes
[2024-06-06 05:00:05] Saving 910 values; 37335 bytes
[2024-06-06 05:01:05] Saving 910 values; 37335 bytes
[2024-06-06 05:02:05] Saving 910 values; 37335 bytes
[2024-06-06 05:03:05] Saving 910 values; 37335 bytes
[2024-06-06 05:04:05] Saving 910 values; 37335 bytes
[2024-06-06 05:05:05] Saving 910 values; 37335 bytes
[2024-06-06 05:06:05] Saving 910 values; 37335 bytes
[2024-06-06 05:07:05] Saving 910 values; 37335 bytes
[2024-06-06 05:08:05] Saving 910 values; 37335 bytes
[2024-06-06 05:09:05] Saving 910 values; 37335 bytes
[2024-06-06 05:10:05] Saving 910 values; 37335 bytes
[2024-06-06 05:11:05] Saving 910 values; 37335 bytes
[2024-06-06 05:12:05] Saving 910 values; 37335 bytes
[2024-06-06 05:13:05] Saving 910 values; 37335 bytes
[2024-06-06 05:14:05] Saving 910 values; 37335 bytes
[2024-06-06 05:15:05] Saving 910 values; 37335 bytes
[2024-06-06 05:16:05] Saving 910 values; 37335 bytes
[2024-06-06 05:17:05] Saving 910 values; 37335 bytes
[2024-06-06 05:18:05] Saving 910 values; 37335 bytes
[2024-06-06 05:19:05] Saving 910 values; 37335 bytes
[2024-06-06 05:20:05] Saving 910 values; 37335 bytes
[2024-06-06 05:21:05] Saving 910 values; 37335 bytes
[2024-06-06 05:22:05] Saving 910 values; 37335 bytes
[2024-06-06 05:23:05] Saving 910 values; 37335 bytes
[2024-06-06 05:24:05] Saving 910 values; 37335 bytes
[2024-06-06 05:25:05] Saving 910 values; 37335 bytes
[2024-06-06 05:26:05] Saving 910 values; 37335 bytes
[2024-06-06 05:27:05] Saving 910 values; 37335 bytes
[2024-06-06 05:28:05] Saving 910 values; 37335 bytes
[2024-06-06 05:29:05] Saving 910 values; 37335 bytes
[2024-06-06 05:30:05] Saving 910 values; 37335 bytes
[2024-06-06 05:31:05] Saving 910 values; 37335 bytes
[2024-06-06 05:32:05] Saving 910 values; 37335 bytes
[2024-06-06 05:33:05] Saving 910 values; 37335 bytes
[2024-06-06 05:34:05] Saving 910 values; 37335 bytes
[2024-06-06 05:35:05] Saving 910 values; 37335 bytes
[2024-06-06 05:36:05] Saving 910 values; 37335 bytes
[2024-06-06 05:37:05] Saving 910 values; 37335 bytes
[2024-06-06 05:38:05] Saving 910 values; 37335 bytes
[2024-06-06 05:39:05] Saving 910 values; 37335 bytes
[2024-06-06 05:40:05] Saving 910 values; 37335 bytes
[2024-06-06 05:41:05] Saving 910 values; 37335 bytes
[2024-06-06 05:42:05] Saving 910 values; 37335 bytes
[2024-06-06 05:43:05] Saving 910 values; 37335 bytes
[2024-06-06 05:44:05] Saving 910 values; 37335 bytes
[2024-06-06 05:45:05] Saving 910 values; 37335 bytes
[2024-06-06 05:46:05] Saving 910 values; 37335 bytes
[2024-06-06 05:47:05] Saving 910 values; 37335 bytes
[2024-06-06 05:48:05] Saving 910 values; 37335 bytes
[2024-06-06 05:49:05] Saving 910 values; 37335 bytes
[2024-06-06 05:50:05] Saving 910 values; 37335 bytes
[2024-06-06 05:51:05] Saving 910 values; 37335 bytes
[2024-06-06 05:52:05] Saving 910 values; 37335 bytes
[2024-06-06 05:53:05] Saving 910 values; 37335 bytes
[2024-06-06 05:54:05] Saving 910 values; 37335 bytes
[2024-06-06 05:55:05] Saving 910 values; 37335 bytes
[2024-06-06 05:56:05] Saving 910 values; 37335 bytes
[2024-06-06 05:57:05] Saving 910 values; 37335 bytes
[2024-06-06 05:58:05] Saving 910 values; 37335 bytes
[2024-06-06 05:59:05] Saving 910 values; 37335 bytes
[2024-06-06 06:00:05] Saving 910 values; 37335 bytes
[2024-06-06 06:01:05] Saving 910 values; 37335 bytes
[2024-06-06 06:02:05] Saving 910 values; 37335 bytes
[2024-06-06 06:03:05] Saving 910 values; 37335 bytes
[2024-06-06 06:04:05] Saving 910 values; 37335 bytes
[2024-06-06 06:05:05] Saving 910 values; 37335 bytes
[2024-06-06 06:06:05] Saving 910 values; 37335 bytes
[2024-06-06 06:07:05] Saving 910 values; 37335 bytes
[2024-06-06 06:08:06] Saving 910 values; 37335 bytes
[2024-06-06 06:09:06] Saving 910 values; 37335 bytes
[2024-06-06 06:10:06] Saving 910 values; 37335 bytes
[2024-06-06 06:11:06] Saving 910 values; 37335 bytes
[2024-06-06 06:12:06] Saving 910 values; 37335 bytes
[2024-06-06 06:13:06] Saving 910 values; 37335 bytes
[2024-06-06 06:14:06] Saving 910 values; 37335 bytes
[2024-06-06 06:15:06] Saving 910 values; 37335 bytes
[2024-06-06 06:16:06] Saving 910 values; 37335 bytes
[2024-06-06 06:17:06] Saving 910 values; 37335 bytes
[2024-06-06 06:18:06] Saving 910 values; 37335 bytes
[2024-06-06 06:19:06] Saving 910 values; 37335 bytes
[2024-06-06 06:20:06] Saving 910 values; 37335 bytes
[2024-06-06 06:21:06] Saving 910 values; 37335 bytes
[2024-06-06 06:22:06] Saving 910 values; 37335 bytes
[2024-06-06 06:23:06] Saving 910 values; 37335 bytes
[2024-06-06 06:24:06] Saving 910 values; 37335 bytes
[2024-06-06 06:25:06] Saving 910 values; 37335 bytes
[2024-06-06 06:26:06] Saving 910 values; 37335 bytes
[2024-06-06 06:27:06] Saving 910 values; 37335 bytes
[2024-06-06 06:28:06] Saving 910 values; 37335 bytes
[2024-06-06 06:29:06] Saving 910 values; 37335 bytes
[2024-06-06 06:30:06] Saving 910 values; 37335 bytes
[2024-06-06 06:31:06] Saving 910 values; 37335 bytes
[2024-06-06 06:32:06] Saving 910 values; 37335 bytes
[2024-06-06 06:33:06] Saving 910 values; 37335 bytes
[2024-06-06 06:34:06] Saving 910 values; 37335 bytes
[2024-06-06 06:35:06] Saving 910 values; 37335 bytes
[2024-06-06 06:36:06] Saving 910 values; 37335 bytes
[2024-06-06 06:37:06] Saving 910 values; 37335 bytes
[2024-06-06 06:38:06] Saving 910 values; 37335 bytes
[2024-06-06 06:39:06] Saving 910 values; 37335 bytes
[2024-06-06 06:40:06] Saving 910 values; 37335 bytes
[2024-06-06 06:41:06] Saving 910 values; 37335 bytes
[2024-06-06 06:42:06] Saving 910 values; 37335 bytes
[2024-06-06 06:43:06] Saving 910 values; 37335 bytes
[2024-06-06 06:44:06] Saving 910 values; 37335 bytes
[2024-06-06 06:45:06] Saving 910 values; 37335 bytes
[2024-06-06 06:46:06] Saving 910 values; 37335 bytes
[2024-06-06 06:47:06] Saving 910 values; 37335 bytes
[2024-06-06 06:48:06] Saving 910 values; 37335 bytes
[2024-06-06 06:49:06] Saving 910 values; 37335 bytes
[2024-06-06 06:50:06] Saving 910 values; 37335 bytes
[2024-06-06 06:51:06] Saving 910 values; 37335 bytes
[2024-06-06 06:52:06] Saving 910 values; 37335 bytes
[2024-06-06 06:53:06] Saving 910 values; 37335 bytes
[2024-06-06 06:54:06] Saving 910 values; 37335 bytes
[2024-06-06 06:55:06] Saving 910 values; 37335 bytes
[2024-06-06 06:56:06] Saving 910 values; 37335 bytes
[2024-06-06 06:57:06] Saving 910 values; 37335 bytes
[2024-06-06 06:58:06] Saving 910 values; 37335 bytes
[2024-06-06 06:59:06] Saving 910 values; 37335 bytes
[2024-06-06 07:00:06] Saving 910 values; 37335 bytes
[2024-06-06 07:01:06] Saving 910 values; 37335 bytes
[2024-06-06 07:02:06] Saving 910 values; 37335 bytes
[2024-06-06 07:03:06] Saving 910 values; 37335 bytes
[2024-06-06 07:04:06] Saving 910 values; 37335 bytes
[2024-06-06 07:05:06] Saving 910 values; 37335 bytes
[2024-06-06 07:06:06] Saving 910 values; 37335 bytes
[2024-06-06 07:07:06] Saving 910 values; 37335 bytes
[2024-06-06 07:08:06] Saving 910 values; 37335 bytes
[2024-06-06 07:09:06] Saving 910 values; 37335 bytes
[2024-06-06 07:10:06] Saving 910 values; 37335 bytes
[2024-06-06 07:11:06] Saving 910 values; 37335 bytes
[2024-06-06 07:12:06] Saving 910 values; 37335 bytes
[2024-06-06 07:13:06] Saving 910 values; 37335 bytes
[2024-06-06 07:14:06] Saving 910 values; 37335 bytes
[2024-06-06 07:15:06] Saving 910 values; 37335 bytes
[2024-06-06 07:16:06] Saving 910 values; 37335 bytes
[2024-06-06 07:17:06] Saving 910 values; 37335 bytes
[2024-06-06 07:18:06] Saving 910 values; 37335 bytes
[2024-06-06 07:19:06] Saving 910 values; 37335 bytes
[2024-06-06 07:20:06] Saving 910 values; 37335 bytes
[2024-06-06 07:21:06] Saving 910 values; 37335 bytes
[2024-06-06 07:22:06] Saving 910 values; 37335 bytes
[2024-06-06 07:23:06] Saving 910 values; 37335 bytes
[2024-06-06 07:24:06] Saving 910 values; 37335 bytes
[2024-06-06 07:25:06] Saving 910 values; 37335 bytes
[2024-06-06 07:26:06] Saving 910 values; 37335 bytes
[2024-06-06 07:27:06] Saving 910 values; 37335 bytes
[2024-06-06 07:28:06] Saving 910 values; 37335 bytes
[2024-06-06 07:29:06] Saving 910 values; 37335 bytes
[2024-06-06 07:30:06] Saving 910 values; 37335 bytes
[2024-06-06 07:31:06] Saving 910 values; 37335 bytes
[2024-06-06 07:32:06] Saving 910 values; 37335 bytes
[2024-06-06 07:33:06] Saving 910 values; 37335 bytes
[2024-06-06 07:34:06] Saving 910 values; 37335 bytes
[2024-06-06 07:35:06] Saving 910 values; 37335 bytes
[2024-06-06 07:36:06] Saving 910 values; 37335 bytes
[2024-06-06 07:37:06] Saving 910 values; 37335 bytes
[2024-06-06 07:38:06] Saving 910 values; 37335 bytes
[2024-06-06 07:39:06] Saving 910 values; 37335 bytes
[2024-06-06 07:40:06] Saving 910 values; 37335 bytes
[2024-06-06 07:41:06] Saving 910 values; 37335 bytes
[2024-06-06 07:42:06] Saving 910 values; 37335 bytes
[2024-06-06 07:43:06] Saving 910 values; 37335 bytes
[2024-06-06 07:44:06] Saving 910 values; 37335 bytes
[2024-06-06 07:45:06] Saving 910 values; 37335 bytes
[2024-06-06 07:46:06] Saving 910 values; 37335 bytes
[2024-06-06 07:47:06] Saving 910 values; 37335 bytes
[2024-06-06 07:48:06] Saving 910 values; 37335 bytes
[2024-06-06 07:49:06] Saving 910 values; 37335 bytes
[2024-06-06 07:50:06] Saving 910 values; 37335 bytes
[2024-06-06 07:51:06] Saving 910 values; 37335 bytes
[2024-06-06 07:52:06] Saving 910 values; 37335 bytes
[2024-06-06 07:53:06] Saving 910 values; 37335 bytes
[2024-06-06 07:54:06] Saving 910 values; 37335 bytes
[2024-06-06 07:55:06] Saving 910 values; 37335 bytes
[2024-06-06 07:56:06] Saving 910 values; 37335 bytes
[2024-06-06 07:57:06] Saving 910 values; 37335 bytes
[2024-06-06 07:58:06] Saving 910 values; 37335 bytes
[2024-06-06 07:59:06] Saving 910 values; 37335 bytes
[2024-06-06 08:00:06] Saving 910 values; 37335 bytes
[2024-06-06 08:01:06] Saving 910 values; 37335 bytes
[2024-06-06 08:02:06] Saving 910 values; 37335 bytes
[2024-06-06 08:03:06] Saving 910 values; 37335 bytes
[2024-06-06 08:04:06] Saving 910 values; 37335 bytes
[2024-06-06 08:05:06] Saving 910 values; 37335 bytes
[2024-06-06 08:06:06] Saving 910 values; 37335 bytes
[2024-06-06 08:07:06] Saving 910 values; 37335 bytes
[2024-06-06 08:08:06] Saving 910 values; 37335 bytes
[2024-06-06 08:09:06] Saving 910 values; 37335 bytes
[2024-06-06 08:10:06] Saving 910 values; 37335 bytes
[2024-06-06 08:11:06] Saving 910 values; 37335 bytes
[2024-06-06 08:12:06] Saving 910 values; 37335 bytes
[2024-06-06 08:13:06] Saving 910 values; 37335 bytes
[2024-06-06 08:14:06] Saving 910 values; 37335 bytes
[2024-06-06 08:15:06] Saving 910 values; 37335 bytes
[2024-06-06 08:16:06] Saving 910 values; 37335 bytes
[2024-06-06 08:17:06] Saving 910 values; 37335 bytes
[2024-06-06 08:18:06] Saving 910 values; 37335 bytes
[2024-06-06 08:19:06] Saving 910 values; 37335 bytes
[2024-06-06 08:20:06] Saving 910 values; 37335 bytes
[2024-06-06 08:21:06] Saving 910 values; 37335 bytes
[2024-06-06 08:22:06] Saving 910 values; 37335 bytes
[2024-06-06 08:23:06] Saving 910 values; 37335 bytes
[2024-06-06 08:24:06] Saving 910 values; 37335 bytes
[2024-06-06 08:25:06] Saving 910 values; 37335 bytes
[2024-06-06 08:26:06] Saving 910 values; 37335 bytes
[2024-06-06 08:27:06] Saving 910 values; 37335 bytes
[2024-06-06 08:28:06] Saving 910 values; 37335 bytes
[2024-06-06 08:29:06] Saving 910 values; 37335 bytes
[2024-06-06 08:30:06] Saving 910 values; 37335 bytes
[2024-06-06 08:31:06] Saving 910 values; 37335 bytes
[2024-06-06 08:32:06] Saving 910 values; 37335 bytes
[2024-06-06 08:33:06] Saving 910 values; 37335 bytes
[2024-06-06 08:34:06] Saving 910 values; 37335 bytes
[2024-06-06 08:35:06] Saving 910 values; 37335 bytes
[2024-06-06 08:36:06] Saving 910 values; 37335 bytes
[2024-06-06 08:37:06] Saving 910 values; 37335 bytes
[2024-06-06 08:38:06] Saving 910 values; 37335 bytes
[2024-06-06 08:39:06] Saving 910 values; 37335 bytes
[2024-06-06 08:40:06] Saving 910 values; 37335 bytes
[2024-06-06 08:41:06] Saving 910 values; 37335 bytes
[2024-06-06 08:42:06] Saving 910 values; 37335 bytes
[2024-06-06 08:43:06] Saving 910 values; 37335 bytes
[2024-06-06 08:44:06] Saving 910 values; 37335 bytes
[2024-06-06 08:45:06] Saving 910 values; 37335 bytes
[2024-06-06 08:46:06] Saving 910 values; 37335 bytes
[2024-06-06 08:47:06] Saving 910 values; 37335 bytes
[2024-06-06 08:48:06] Saving 910 values; 37335 bytes
[2024-06-06 08:49:06] Saving 910 values; 37335 bytes
[2024-06-06 08:50:06] Saving 910 values; 37335 bytes
[2024-06-06 08:51:06] Saving 910 values; 37335 bytes
[2024-06-06 08:52:06] Saving 910 values; 37335 bytes
[2024-06-06 08:53:06] Saving 910 values; 37335 bytes
[2024-06-06 08:54:06] Saving 910 values; 37335 bytes
[2024-06-06 08:55:06] Saving 910 values; 37335 bytes
[2024-06-06 08:56:06] Saving 910 values; 37335 bytes
[2024-06-06 08:57:06] Saving 910 values; 37335 bytes
[2024-06-06 08:58:06] Saving 910 values; 37335 bytes
[2024-06-06 08:59:06] Saving 910 values; 37335 bytes
[2024-06-06 09:00:06] Saving 910 values; 37335 bytes
[2024-06-06 09:01:06] Saving 910 values; 37335 bytes
[2024-06-06 09:02:06] Saving 910 values; 37335 bytes
[2024-06-06 09:03:06] Saving 910 values; 37335 bytes
[2024-06-06 09:04:06] Saving 910 values; 37335 bytes
[2024-06-06 09:05:06] Saving 910 values; 37335 bytes
[2024-06-06 09:06:06] Saving 910 values; 37335 bytes
[2024-06-06 09:07:06] Saving 910 values; 37335 bytes
[2024-06-06 09:08:06] Saving 910 values; 37335 bytes
[2024-06-06 09:09:06] Saving 910 values; 37335 bytes
[2024-06-06 09:10:06] Saving 910 values; 37335 bytes
[2024-06-06 09:11:06] Saving 910 values; 37335 bytes
[2024-06-06 09:12:06] Saving 910 values; 37335 bytes
[2024-06-06 09:13:06] Saving 910 values; 37335 bytes
[2024-06-06 09:14:06] Saving 910 values; 37335 bytes
[2024-06-06 09:15:06] Saving 910 values; 37335 bytes
[2024-06-06 09:16:06] Saving 910 values; 37335 bytes
[2024-06-06 09:17:06] Saving 910 values; 37335 bytes
[2024-06-06 09:18:06] Saving 910 values; 37335 bytes
[2024-06-06 09:19:06] Saving 910 values; 37335 bytes
[2024-06-06 09:20:06] Saving 910 values; 37335 bytes
[2024-06-06 09:21:06] Saving 910 values; 37335 bytes
[2024-06-06 09:22:06] Saving 910 values; 37335 bytes
[2024-06-06 09:23:06] Saving 910 values; 37335 bytes
[2024-06-06 09:24:06] Saving 910 values; 37335 bytes
[2024-06-06 09:25:06] Saving 910 values; 37335 bytes
[2024-06-06 09:26:06] Saving 910 values; 37335 bytes
[2024-06-06 09:27:06] Saving 910 values; 37335 bytes
[2024-06-06 09:28:06] Saving 910 values; 37335 bytes
[2024-06-06 09:29:06] Saving 910 values; 37335 bytes
[2024-06-06 09:30:06] Saving 910 values; 37335 bytes
[2024-06-06 09:31:06] Saving 910 values; 37335 bytes
[2024-06-06 09:32:06] Saving 910 values; 37335 bytes
[2024-06-06 09:33:06] Saving 910 values; 37335 bytes
[2024-06-06 09:34:06] Saving 910 values; 37335 bytes
[2024-06-06 09:35:06] Saving 910 values; 37335 bytes
[2024-06-06 09:36:06] Saving 910 values; 37335 bytes
[2024-06-06 09:37:06] Saving 910 values; 37335 bytes
[2024-06-06 09:38:06] Saving 910 values; 37335 bytes
[2024-06-06 09:39:06] Saving 910 values; 37335 bytes
[2024-06-06 09:40:06] Saving 910 values; 37335 bytes
[2024-06-06 09:41:06] Saving 910 values; 37335 bytes
[2024-06-06 09:42:06] Saving 910 values; 37335 bytes
[2024-06-06 09:43:06] Saving 910 values; 37335 bytes
[2024-06-06 09:44:06] Saving 910 values; 37335 bytes
[2024-06-06 09:45:06] Saving 910 values; 37335 bytes
[2024-06-06 09:46:06] Saving 910 values; 37335 bytes
[2024-06-06 09:47:06] Saving 910 values; 37335 bytes
[2024-06-06 09:48:06] Saving 910 values; 37335 bytes
[2024-06-06 09:49:06] Saving 910 values; 37335 bytes
[2024-06-06 09:50:06] Saving 910 values; 37335 bytes
[2024-06-06 09:51:06] Saving 910 values; 37335 bytes
[2024-06-06 09:52:06] Saving 910 values; 37335 bytes
[2024-06-06 09:53:06] Saving 910 values; 37335 bytes
[2024-06-06 09:54:06] Saving 910 values; 37335 bytes
[2024-06-06 09:55:06] Saving 910 values; 37335 bytes
[2024-06-06 09:56:06] Saving 910 values; 37335 bytes
[2024-06-06 09:57:06] Saving 910 values; 37335 bytes
[2024-06-06 09:58:06] Saving 910 values; 37335 bytes
[2024-06-06 09:59:06] Saving 910 values; 37335 bytes
[2024-06-06 10:00:06] Saving 910 values; 37335 bytes
[2024-06-06 10:01:06] Saving 910 values; 37335 bytes
[2024-06-06 10:02:06] Saving 910 values; 37335 bytes
[2024-06-06 10:03:06] Saving 910 values; 37335 bytes
[2024-06-06 10:04:06] Saving 910 values; 37335 bytes
[2024-06-06 10:05:06] Saving 910 values; 37335 bytes
[2024-06-06 10:06:06] Saving 910 values; 37335 bytes
[2024-06-06 10:07:06] Saving 910 values; 37335 bytes
[2024-06-06 10:08:06] Saving 910 values; 37335 bytes
[2024-06-06 10:09:06] Saving 910 values; 37335 bytes
[2024-06-06 10:10:06] Saving 910 values; 37335 bytes
[2024-06-06 10:11:06] Saving 910 values; 37335 bytes
[2024-06-06 10:12:06] Saving 910 values; 37335 bytes
[2024-06-06 10:13:06] Saving 910 values; 37335 bytes
[2024-06-06 10:14:06] Saving 910 values; 37335 bytes
[2024-06-06 10:15:06] Saving 910 values; 37335 bytes
[2024-06-06 10:16:06] Saving 910 values; 37335 bytes
[2024-06-06 10:17:06] Saving 910 values; 37335 bytes
[2024-06-06 10:18:06] Saving 910 values; 37335 bytes
[2024-06-06 10:19:06] Saving 910 values; 37335 bytes
[2024-06-06 10:20:06] Saving 910 values; 37335 bytes
[2024-06-06 10:21:06] Saving 910 values; 37335 bytes
[2024-06-06 10:22:06] Saving 910 values; 37335 bytes
[2024-06-06 10:23:06] Saving 910 values; 37335 bytes
[2024-06-06 10:24:06] Saving 910 values; 37335 bytes
[2024-06-06 10:25:06] Saving 910 values; 37335 bytes
[2024-06-06 10:26:06] Saving 910 values; 37335 bytes
[2024-06-06 10:27:06] Saving 910 values; 37335 bytes
[2024-06-06 10:28:06] Saving 910 values; 37335 bytes
[2024-06-06 10:29:06] Saving 910 values; 37335 bytes
[2024-06-06 10:30:06] Saving 910 values; 37335 bytes
[2024-06-06 10:31:06] Saving 910 values; 37335 bytes
[2024-06-06 10:32:06] Saving 910 values; 37335 bytes
[2024-06-06 10:33:06] Saving 910 values; 37335 bytes
[2024-06-06 10:34:06] Saving 910 values; 37335 bytes
[2024-06-06 10:35:06] Saving 910 values; 37335 bytes
[2024-06-06 10:36:06] Saving 910 values; 37335 bytes
[2024-06-06 10:37:06] Saving 910 values; 37335 bytes
[2024-06-06 10:38:06] Saving 910 values; 37335 bytes
[2024-06-06 10:39:06] Saving 910 values; 37335 bytes
[2024-06-06 10:40:06] Saving 910 values; 37335 bytes
[2024-06-06 10:41:06] Saving 910 values; 37335 bytes
[2024-06-06 10:42:06] Saving 910 values; 37335 bytes
[2024-06-06 10:43:06] Saving 910 values; 37335 bytes
[2024-06-06 10:44:06] Saving 910 values; 37335 bytes
[2024-06-06 10:45:06] Saving 910 values; 37335 bytes
[2024-06-06 10:46:06] Saving 910 values; 37335 bytes
[2024-06-06 10:47:06] Saving 910 values; 37335 bytes
[2024-06-06 10:48:06] Saving 910 values; 37335 bytes
[2024-06-06 10:49:06] Saving 910 values; 37335 bytes
[2024-06-06 10:50:06] Saving 910 values; 37335 bytes
[2024-06-06 10:51:06] Saving 910 values; 37335 bytes
[2024-06-06 10:52:06] Saving 910 values; 37335 bytes
[2024-06-06 10:53:06] Saving 910 values; 37335 bytes
[2024-06-06 10:54:06] Saving 910 values; 37335 bytes
[2024-06-06 10:55:06] Saving 910 values; 37335 bytes
[2024-06-06 10:56:06] Saving 910 values; 37335 bytes
[2024-06-06 10:57:06] Saving 910 values; 37335 bytes
[2024-06-06 10:58:06] Saving 910 values; 37335 bytes
[2024-06-06 10:59:06] Saving 910 values; 37335 bytes
[2024-06-06 11:00:06] Saving 910 values; 37335 bytes
[2024-06-06 11:01:06] Saving 910 values; 37335 bytes
[2024-06-06 11:02:06] Saving 910 values; 37335 bytes
[2024-06-06 11:03:06] Saving 910 values; 37335 bytes
[2024-06-06 11:04:06] Saving 910 values; 37335 bytes
[2024-06-06 11:05:06] Saving 910 values; 37335 bytes
[2024-06-06 11:06:06] Saving 910 values; 37335 bytes
[2024-06-06 11:07:06] Saving 910 values; 37335 bytes
[2024-06-06 11:08:06] Saving 910 values; 37335 bytes
[2024-06-06 11:09:06] Saving 910 values; 37335 bytes
[2024-06-06 11:10:06] Saving 910 values; 37335 bytes
[2024-06-06 11:11:06] Saving 910 values; 37335 bytes
[2024-06-06 11:12:06] Saving 910 values; 37335 bytes
[2024-06-06 11:13:06] Saving 910 values; 37335 bytes
[2024-06-06 11:14:06] Saving 910 values; 37335 bytes
[2024-06-06 11:15:06] Saving 910 values; 37335 bytes
[2024-06-06 11:16:06] Saving 910 values; 37335 bytes
[2024-06-06 11:17:06] Saving 910 values; 37335 bytes
[2024-06-06 11:18:06] Saving 910 values; 37335 bytes
[2024-06-06 11:19:06] Saving 910 values; 37335 bytes
[2024-06-06 11:20:06] Saving 910 values; 37335 bytes
[2024-06-06 11:21:06] Saving 910 values; 37335 bytes
[2024-06-06 11:22:06] Saving 910 values; 37335 bytes
[2024-06-06 11:23:06] Saving 910 values; 37335 bytes
[2024-06-06 11:24:06] Saving 910 values; 37335 bytes
[2024-06-06 11:25:06] Saving 910 values; 37335 bytes
[2024-06-06 11:26:06] Saving 910 values; 37335 bytes
[2024-06-06 11:27:06] Saving 910 values; 37335 bytes
[2024-06-06 11:28:06] Saving 910 values; 37335 bytes
[2024-06-06 11:29:06] Saving 910 values; 37335 bytes
[2024-06-06 11:30:06] Saving 910 values; 37335 bytes
[2024-06-06 11:31:06] Saving 910 values; 37335 bytes
[2024-06-06 11:32:06] Saving 910 values; 37335 bytes
[2024-06-06 11:33:06] Saving 910 values; 37335 bytes
[2024-06-06 11:34:06] Saving 910 values; 37335 bytes
[2024-06-06 11:35:06] Saving 910 values; 37335 bytes
[2024-06-06 11:36:06] Saving 910 values; 37335 bytes
[2024-06-06 11:37:06] Saving 910 values; 37335 bytes
[2024-06-06 11:38:06] Saving 910 values; 37335 bytes
[2024-06-06 11:39:06] Saving 910 values; 37335 bytes
[2024-06-06 11:40:06] Saving 910 values; 37335 bytes
[2024-06-06 11:41:06] Saving 910 values; 37335 bytes
[2024-06-06 11:42:06] Saving 910 values; 37335 bytes
[2024-06-06 11:43:06] Saving 910 values; 37335 bytes
[2024-06-06 11:44:06] Saving 910 values; 37335 bytes
[2024-06-06 11:45:06] Saving 910 values; 37335 bytes
[2024-06-06 11:46:06] Saving 910 values; 37335 bytes
[2024-06-06 11:47:06] Saving 910 values; 37335 bytes
[2024-06-06 11:48:06] Saving 910 values; 37335 bytes
[2024-06-06 11:49:06] Saving 910 values; 37335 bytes
[2024-06-06 11:50:06] Saving 910 values; 37335 bytes
[2024-06-06 11:51:06] Saving 910 values; 37335 bytes
[2024-06-06 11:52:06] Saving 910 values; 37335 bytes
[2024-06-06 11:53:06] Saving 910 values; 37335 bytes
[2024-06-06 11:54:06] Saving 910 values; 37335 bytes
[2024-06-06 11:55:06] Saving 910 values; 37335 bytes
[2024-06-06 11:56:06] Saving 910 values; 37335 bytes
[2024-06-06 11:57:06] Saving 910 values; 37335 bytes
[2024-06-06 11:58:06] Saving 910 values; 37335 bytes
[2024-06-06 11:59:06] Saving 910 values; 37335 bytes
[2024-06-06 12:00:06] Saving 910 values; 37335 bytes
[2024-06-06 12:01:06] Saving 910 values; 37335 bytes
[2024-06-06 12:02:06] Saving 910 values; 37335 bytes
[2024-06-06 12:03:06] Saving 910 values; 37335 bytes
[2024-06-06 12:04:06] Saving 910 values; 37335 bytes
[2024-06-06 12:05:06] Saving 910 values; 37335 bytes
[2024-06-06 12:06:06] Saving 910 values; 37335 bytes
[2024-06-06 12:07:06] Saving 910 values; 37335 bytes
[2024-06-06 12:08:06] Saving 910 values; 37335 bytes
[2024-06-06 12:09:06] Saving 910 values; 37335 bytes
[2024-06-06 12:10:06] Saving 910 values; 37335 bytes
[2024-06-06 12:11:06] Saving 910 values; 37335 bytes
[2024-06-06 12:12:06] Saving 910 values; 37335 bytes
[2024-06-06 12:13:06] Saving 910 values; 37335 bytes
[2024-06-06 12:14:06] Saving 910 values; 37335 bytes
[2024-06-06 12:15:06] Saving 910 values; 37335 bytes
[2024-06-06 12:16:06] Saving 910 values; 37335 bytes
[2024-06-06 12:17:06] Saving 910 values; 37335 bytes
[2024-06-06 12:18:06] Saving 910 values; 37335 bytes
[2024-06-06 12:19:06] Saving 910 values; 37335 bytes
[2024-06-06 12:20:06] Saving 910 values; 37335 bytes
[2024-06-06 12:21:06] Saving 910 values; 37335 bytes
[2024-06-06 12:22:07] Saving 910 values; 37335 bytes
[2024-06-06 12:23:07] Saving 910 values; 37335 bytes
[2024-06-06 12:24:07] Saving 910 values; 37335 bytes
[2024-06-06 12:25:07] Saving 910 values; 37335 bytes
[2024-06-06 12:26:07] Saving 910 values; 37335 bytes
[2024-06-06 12:27:07] Saving 910 values; 37335 bytes
[2024-06-06 12:28:07] Saving 910 values; 37335 bytes
[2024-06-06 12:29:07] Saving 910 values; 37335 bytes
[2024-06-06 12:30:07] Saving 910 values; 37335 bytes
[2024-06-06 12:31:07] Saving 910 values; 37335 bytes
[2024-06-06 12:32:07] Saving 910 values; 37335 bytes
[2024-06-06 12:33:07] Saving 910 values; 37335 bytes
[2024-06-06 12:34:07] Saving 910 values; 37335 bytes
[2024-06-06 12:35:07] Saving 910 values; 37335 bytes
[2024-06-06 12:36:07] Saving 910 values; 37335 bytes
[2024-06-06 12:37:07] Saving 910 values; 37335 bytes
[2024-06-06 12:38:07] Saving 910 values; 37335 bytes
[2024-06-06 12:39:07] Saving 910 values; 37335 bytes
[2024-06-06 12:40:07] Saving 910 values; 37335 bytes
[2024-06-06 12:41:07] Saving 910 values; 37335 bytes
[2024-06-06 12:42:07] Saving 910 values; 37335 bytes
[2024-06-06 12:43:07] Saving 910 values; 37335 bytes
[2024-06-06 12:44:07] Saving 910 values; 37335 bytes
[2024-06-06 12:45:07] Saving 910 values; 37335 bytes
[2024-06-06 12:46:07] Saving 910 values; 37335 bytes
[2024-06-06 12:47:07] Saving 910 values; 37335 bytes
[2024-06-06 12:48:07] Saving 910 values; 37335 bytes
[2024-06-06 12:49:07] Saving 910 values; 37335 bytes
[2024-06-06 12:50:07] Saving 910 values; 37335 bytes
[2024-06-06 12:51:07] Saving 910 values; 37335 bytes
[2024-06-06 12:52:07] Saving 910 values; 37335 bytes
[2024-06-06 12:53:07] Saving 910 values; 37335 bytes
[2024-06-06 12:54:07] Saving 910 values; 37335 bytes
[2024-06-06 12:55:07] Saving 910 values; 37335 bytes
[2024-06-06 12:56:07] Saving 910 values; 37335 bytes
[2024-06-06 12:57:07] Saving 910 values; 37335 bytes
[2024-06-06 12:58:07] Saving 910 values; 37335 bytes
[2024-06-06 12:59:07] Saving 910 values; 37335 bytes
[2024-06-06 13:00:07] Saving 910 values; 37335 bytes
[2024-06-06 13:01:07] Saving 910 values; 37335 bytes
[2024-06-06 13:02:07] Saving 910 values; 37335 bytes
[2024-06-06 13:03:07] Saving 910 values; 37335 bytes
[2024-06-06 13:04:07] Saving 910 values; 37335 bytes
[2024-06-06 13:05:07] Saving 910 values; 37335 bytes
[2024-06-06 13:06:07] Saving 910 values; 37335 bytes
[2024-06-06 13:07:07] Saving 910 values; 37335 bytes
[2024-06-06 13:08:07] Saving 910 values; 37335 bytes
[2024-06-06 13:09:07] Saving 910 values; 37335 bytes
[2024-06-06 13:10:07] Saving 910 values; 37335 bytes
[2024-06-06 13:11:07] Saving 910 values; 37335 bytes
[2024-06-06 13:12:07] Saving 910 values; 37335 bytes
[2024-06-06 13:13:07] Saving 910 values; 37335 bytes
[2024-06-06 13:14:07] Saving 910 values; 37335 bytes
[2024-06-06 13:15:07] Saving 910 values; 37335 bytes
[2024-06-06 13:16:07] Saving 910 values; 37335 bytes
[2024-06-06 13:17:07] Saving 910 values; 37335 bytes
[2024-06-06 13:18:07] Saving 910 values; 37335 bytes
[2024-06-06 13:19:07] Saving 910 values; 37335 bytes
[2024-06-06 13:20:07] Saving 910 values; 37335 bytes
[2024-06-06 13:21:07] Saving 910 values; 37335 bytes
[2024-06-06 13:22:07] Saving 910 values; 37335 bytes
[2024-06-06 13:23:07] Saving 910 values; 37335 bytes
[2024-06-06 13:24:07] Saving 910 values; 37335 bytes
[2024-06-06 13:25:07] Saving 910 values; 37335 bytes
[2024-06-06 13:26:07] Saving 910 values; 37335 bytes
[2024-06-06 13:27:07] Saving 910 values; 37335 bytes
[2024-06-06 13:28:07] Saving 910 values; 37335 bytes
[2024-06-06 13:29:07] Saving 910 values; 37335 bytes
[2024-06-06 13:30:07] Saving 910 values; 37335 bytes
[2024-06-06 13:31:07] Saving 910 values; 37335 bytes
[2024-06-06 13:32:07] Saving 910 values; 37335 bytes
[2024-06-06 13:33:07] Saving 910 values; 37335 bytes
[2024-06-06 13:34:07] Saving 910 values; 37335 bytes
[2024-06-06 13:35:07] Saving 910 values; 37335 bytes
[2024-06-06 13:36:07] Saving 910 values; 37335 bytes
[2024-06-06 13:37:07] Saving 910 values; 37335 bytes
[2024-06-06 13:38:07] Saving 910 values; 37335 bytes
[2024-06-06 13:39:07] Saving 910 values; 37335 bytes
[2024-06-06 13:40:07] Saving 910 values; 37335 bytes
[2024-06-06 13:41:07] Saving 910 values; 37335 bytes
[2024-06-06 13:42:07] Saving 910 values; 37335 bytes
[2024-06-06 13:43:07] Saving 910 values; 37335 bytes
[2024-06-06 13:44:07] Saving 910 values; 37335 bytes
[2024-06-06 13:45:07] Saving 910 values; 37335 bytes
[2024-06-06 13:46:07] Saving 910 values; 37335 bytes
[2024-06-06 13:47:07] Saving 910 values; 37335 bytes
[2024-06-06 13:48:07] Saving 910 values; 37335 bytes
[2024-06-06 13:49:07] Saving 910 values; 37335 bytes
[2024-06-06 13:50:07] Saving 910 values; 37335 bytes
[2024-06-06 13:51:07] Saving 910 values; 37335 bytes
[2024-06-06 13:52:07] Saving 910 values; 37335 bytes
[2024-06-06 13:53:07] Saving 910 values; 37335 bytes
[2024-06-06 13:54:08] Saving 910 values; 37335 bytes
[2024-06-06 13:55:09] Saving 910 values; 37335 bytes
[2024-06-06 14:19:57] Saving 910 values; 37335 bytes
[2024-06-06 14:19:59] Saving 910 values; 37335 bytes
[2024-06-07 01:13:29] Loaded 910 values
[2024-06-07 01:13:29] Backed up saves/settings.bin to saves/settings_backup.bin (37335 bytes)
[2024-06-07 01:13:32] Saving 910 values; 37335 bytes
[2024-06-07 01:13:41] Saving 910 values; 37335 bytes
[2024-06-07 01:13:44] Saving 910 values; 37282 bytes
[2024-06-07 01:13:44] Saving 910 values; 37282 bytes
[2024-06-07 01:13:44] Saving 910 values; 37282 bytes
[2024-06-07 01:13:44] Saving 910 values; 37282 bytes
[2024-06-07 01:13:47] Saving 910 values; 37282 bytes
[2024-06-07 01:13:48] Saving 911 values; 37388 bytes
[2024-06-07 01:22:23] Saving 914 values; 38446 bytes
[2024-06-07 02:06:23] Saving 914 values; 38615 bytes
[2024-06-07 02:06:46] Saving 914 values; 38626 bytes
[2024-06-07 02:24:17] Saving 914 values; 38626 bytes
[2024-06-07 02:24:37] Saving 914 values; 38626 bytes
[2024-06-07 02:24:46] Saving 914 values; 38626 bytes
[2024-06-07 02:25:46] Saving 914 values; 38626 bytes
[2024-06-07 02:25:53] Saving 914 values; 38625 bytes
[2024-06-07 02:25:54] Saving 914 values; 38626 bytes
[2024-06-07 02:26:46] Saving 914 values; 38626 bytes
[2024-06-07 02:27:46] Saving 914 values; 38626 bytes
[2024-06-07 02:28:20] Saving 914 values; 38640 bytes
[2024-06-07 02:28:22] Saving 914 values; 38640 bytes
[2024-06-07 02:28:23] Saving 914 values; 38640 bytes
[2024-06-07 02:28:24] Saving 914 values; 38640 bytes
[2024-06-07 02:28:25] Saving 914 values; 38640 bytes
[2024-06-07 02:28:30] Saving 914 values; 38613 bytes
[2024-06-07 02:28:30] Saving 914 values; 38613 bytes
[2024-06-07 02:28:30] Saving 914 values; 38613 bytes
[2024-06-07 02:50:11] Saving 915 values; 38744 bytes
[2024-06-07 02:50:17] Saving 916 values; 38772 bytes
[2024-06-07 02:57:24] Saving 917 values; 38877 bytes
[2024-06-07 02:57:36] Saving 917 values; 38863 bytes
[2024-06-07 02:57:38] Saving 917 values; 38863 bytes
[2024-06-07 02:57:43] Saving 917 values; 38863 bytes
[2024-06-07 02:57:43] Saving 917 values; 38899 bytes
[2024-06-07 02:57:43] Saving 917 values; 38899 bytes
[2024-06-07 03:21:16] Saving 921 values; 40101 bytes
[2024-06-07 03:28:17] Saving 923 values; 40218 bytes
[2024-06-07 03:28:19] Saving 924 values; 40235 bytes
[2024-06-07 03:28:28] Saving 926 values; 40291 bytes
[2024-06-07 03:28:32] Saving 927 values; 40308 bytes
[2024-06-07 03:28:38] Saving 928 values; 40331 bytes
[2024-06-07 03:28:43] Saving 929 values; 40355 bytes
[2024-06-07 03:28:46] Saving 930 values; 40374 bytes
[2024-06-07 03:28:46] Saving 930 values; 40374 bytes
[2024-06-07 03:31:59] Saving 930 values; 40388 bytes
[2024-06-07 03:32:02] Saving 931 values; 40431 bytes
[2024-06-07 03:32:41] Saving 931 values; 40431 bytes
[2024-06-07 03:32:41] Saving 931 values; 40431 bytes
[2024-06-07 03:32:41] Saving 931 values; 40431 bytes
[2024-06-07 03:51:38] Saving 931 values; 40437 bytes
[2024-06-07 03:51:49] Saving 931 values; 40437 bytes
[2024-06-11 19:05:00] Saving 931 values; 40424 bytes
[2024-06-11 19:05:03] Saving 931 values; 40424 bytes
[2024-06-11 19:05:03] Saving 931 values; 40424 bytes
[2024-06-11 19:05:03] Saving 931 values; 40424 bytes
[2024-06-11 19:05:03] Saving 931 values; 40424 bytes
[2024-06-11 19:05:06] Saving 931 values; 40424 bytes
[2024-06-11 19:05:07] Saving 932 values; 40529 bytes
[2024-06-11 19:47:12] Saving 936 values; 41831 bytes
[2024-06-11 19:47:19] Saving 938 values; 41885 bytes
[2024-06-11 19:47:21] Saving 939 values; 41905 bytes
[2024-06-11 19:47:22] Saving 939 values; 41905 bytes
[2024-06-11 19:52:21] Saving 939 values; 41905 bytes
[2024-06-11 19:52:57] Saving 939 values; 41905 bytes
[2024-06-11 19:55:02] Saving 939 values; 41905 bytes
[2024-06-11 19:55:05] Saving 939 values; 41905 bytes
[2024-06-11 19:55:07] Saving 939 values; 41905 bytes
[2024-06-11 19:55:08] Saving 939 values; 41905 bytes
[2024-06-14 10:08:19] Loaded 939 values
[2024-06-14 10:08:19] Backed up saves/settings.bin to saves/settings_backup.bin (41905 bytes)
[2024-06-14 10:08:22] Saving 939 values; 41905 bytes
[2024-06-14 10:08:39] Saving 939 values; 41904 bytes
[2024-06-14 10:08:39] Saving 939 values; 41903 bytes
[2024-06-14 10:08:40] Saving 939 values; 41902 bytes
[2024-06-14 10:08:41] Saving 939 values; 41904 bytes
[2024-06-14 10:08:42] Saving 939 values; 41902 bytes
[2024-06-14 10:08:43] Saving 939 values; 41903 bytes
[2024-06-14 10:08:44] Saving 939 values; 41904 bytes
[2024-06-14 10:08:46] Saving 939 values; 41905 bytes
[2024-06-14 10:08:47] Saving 939 values; 41906 bytes
[2024-06-14 10:08:49] Saving 939 values; 41907 bytes
[2024-06-14 10:08:54] Saving 940 values; 41921 bytes
[2024-06-14 10:09:03] Saving 940 values; 41921 bytes
[2024-06-14 10:14:54] Loaded 940 values
[2024-06-14 10:14:54] Backed up saves/settings.bin to saves/settings_backup.bin (41921 bytes)
[2024-06-14 10:15:00] Saving 940 values; 41921 bytes
[2024-06-14 10:18:00] Saving 941 values; 41966 bytes
[2024-06-14 10:18:07] Saving 941 values; 41937 bytes
[2024-06-14 10:18:20] Saving 942 values; 41952 bytes
[2024-06-14 10:18:21] Saving 942 values; 41951 bytes
[2024-06-14 10:18:21] Saving 942 values; 41950 bytes
[2024-06-14 10:18:21] Saving 942 values; 41949 bytes
[2024-06-14 10:18:21] Saving 942 values; 41948 bytes
[2024-06-14 10:18:21] Saving 942 values; 41947 bytes
[2024-06-14 10:18:21] Saving 942 values; 41946 bytes
[2024-06-14 10:18:21] Saving 942 values; 41945 bytes
[2024-06-14 10:18:21] Saving 942 values; 41944 bytes
[2024-06-14 10:18:21] Saving 942 values; 41945 bytes
[2024-06-14 10:18:22] Saving 942 values; 41946 bytes
[2024-06-14 10:18:23] Saving 942 values; 41947 bytes
[2024-06-14 10:18:23] Saving 942 values; 41948 bytes
[2024-06-14 10:18:23] Saving 942 values; 41949 bytes
[2024-06-14 10:18:24] Saving 942 values; 41950 bytes
[2024-06-14 10:18:25] Saving 942 values; 41976 bytes
[2024-06-14 10:19:10] Saving 942 values; 41970 bytes
[2024-06-14 10:19:40] Saving 942 values; 41971 bytes
[2024-06-14 10:19:40] Saving 942 values; 41972 bytes
[2024-06-14 10:19:41] Saving 942 values; 41973 bytes
[2024-06-14 10:19:43] Saving 942 values; 41974 bytes
[2024-06-14 10:19:43] Saving 942 values; 41975 bytes
[2024-06-14 10:19:43] Saving 942 values; 41976 bytes
[2024-06-14 10:19:44] Saving 942 values; 41977 bytes
[2024-06-14 10:19:46] Saving 942 values; 41978 bytes
[2024-06-14 10:19:46] Saving 942 values; 41979 bytes
[2024-06-14 10:19:47] Saving 942 values; 41980 bytes
[2024-06-14 10:19:47] Saving 942 values; 41981 bytes
[2024-06-14 10:19:49] Saving 942 values; 41982 bytes
[2024-06-14 10:19:49] Saving 942 values; 41983 bytes
[2024-06-14 10:19:49] Saving 942 values; 41984 bytes
[2024-06-14 10:19:51] Saving 942 values; 41992 bytes
[2024-06-14 10:20:05] Saving 942 values; 41992 bytes
[2024-06-14 10:20:05] Saving 943 values; 42032 bytes
[2024-06-14 10:20:06] Saving 943 values; 42032 bytes
[2024-06-14 10:25:29] Saving 944 values; 42057 bytes
[2024-06-14 10:26:47] Saving 944 values; 42057 bytes
[2024-06-14 10:36:43] Saving 944 values; 42057 bytes
[2024-06-14 10:36:43] Saving 944 values; 42057 bytes
[2024-06-14 10:37:35] Saving 944 values; 42057 bytes
[2024-06-14 10:37:36] Saving 944 values; 42057 bytes
[2024-06-14 11:06:22] Saving 945 values; 42070 bytes
[2024-06-14 11:32:20] Saving 945 values; 42070 bytes
[2024-06-14 11:34:37] Saving 945 values; 42070 bytes
[2024-06-14 11:34:38] Saving 945 values; 42070 bytes
[2024-06-14 11:39:26] Loaded 945 values
[2024-06-14 11:39:26] Backed up saves/settings.bin to saves/settings_backup.bin (42070 bytes)
[2024-06-14 11:39:31] Saving 945 values; 42070 bytes
[2024-06-14 11:43:59] Saving 945 values; 42070 bytes
[2024-06-14 13:28:48] Loaded 945 values
[2024-06-14 13:28:48] Backed up saves/settings.bin to saves/settings_backup.bin (42070 bytes)
[2024-06-14 13:28:52] Saving 945 values; 42070 bytes
[2024-06-14 13:29:18] Saving 945 values; 42070 bytes
[2024-06-15 03:34:15] Loaded 945 values
[2024-06-15 03:34:15] Backed up saves/settings.bin to saves/settings_backup.bin (42070 bytes)
[2024-06-15 03:34:18] Saving 945 values; 42070 bytes
[2024-06-15 03:34:43] Saving 945 values; 42069 bytes
[2024-06-15 03:34:43] Saving 945 values; 42068 bytes
[2024-06-15 03:34:43] Saving 945 values; 42067 bytes
[2024-06-15 03:34:43] Saving 945 values; 42066 bytes
[2024-06-15 03:34:43] Saving 945 values; 42065 bytes
[2024-06-15 03:34:43] Saving 945 values; 42064 bytes
[2024-06-15 03:34:44] Saving 945 values; 42063 bytes
[2024-06-15 03:34:44] Saving 945 values; 42062 bytes
[2024-06-15 03:34:44] Saving 945 values; 42061 bytes
[2024-06-15 03:34:44] Saving 945 values; 42060 bytes
[2024-06-15 03:34:44] Saving 945 values; 42059 bytes
[2024-06-15 03:34:44] Saving 945 values; 42058 bytes
[2024-06-15 03:34:44] Saving 945 values; 42057 bytes
[2024-06-15 03:34:44] Saving 945 values; 42056 bytes
[2024-06-15 03:34:45] Saving 945 values; 42057 bytes
[2024-06-15 03:34:45] Saving 945 values; 42058 bytes
[2024-06-15 03:34:45] Saving 945 values; 42059 bytes
[2024-06-15 03:34:46] Saving 945 values; 42060 bytes
[2024-06-15 03:34:47] Saving 945 values; 42061 bytes
[2024-06-15 03:34:47] Saving 945 values; 42062 bytes
[2024-06-15 03:34:49] Saving 945 values; 42054 bytes
[2024-06-15 03:36:04] Saving 946 values; 42075 bytes
[2024-06-15 03:36:04] Saving 946 values; 42075 bytes
[2024-06-15 03:36:04] Saving 947 values; 42116 bytes
[2024-06-15 03:36:05] Saving 947 values; 42116 bytes
[2024-06-15 03:44:54] Saving 947 values; 42116 bytes
[2024-06-15 03:44:54] Saving 947 values; 42116 bytes
[2024-06-15 03:45:00] Saving 947 values; 42116 bytes
[2024-06-15 03:45:00] Saving 948 values; 42155 bytes
[2024-06-15 03:45:00] Saving 948 values; 42155 bytes
[2024-06-15 03:45:40] Saving 948 values; 42155 bytes
[2024-06-15 03:45:40] Saving 948 values; 42155 bytes
[2024-06-15 03:45:47] Saving 948 values; 42155 bytes
[2024-06-15 03:45:47] Saving 949 values; 42194 bytes
[2024-06-15 03:45:47] Saving 949 values; 42194 bytes
[2024-06-15 04:02:46] Saving 950 values; 42229 bytes
[2024-06-15 04:02:46] Saving 950 values; 42229 bytes
[2024-06-15 04:32:49] Saving 951 values; 42266 bytes
[2024-06-15 04:32:49] Saving 951 values; 42266 bytes
[2024-06-15 04:32:56] Saving 951 values; 42240 bytes
[2024-06-15 04:33:07] Saving 952 values; 42269 bytes
[2024-06-15 04:33:08] Saving 953 values; 42298 bytes
[2024-06-15 04:33:12] Saving 953 values; 42298 bytes
[2024-06-15 04:33:35] Saving 953 values; 42324 bytes
[2024-06-15 04:33:39] Saving 953 values; 42298 bytes
[2024-06-15 04:33:43] Saving 953 values; 42298 bytes
[2024-06-15 04:35:53] Saving 953 values; 42305 bytes
[2024-06-15 04:35:55] Saving 953 values; 42338 bytes
[2024-06-15 04:36:16] Saving 953 values; 42338 bytes
[2024-06-15 04:36:51] Saving 953 values; 42305 bytes
[2024-06-15 04:36:53] Saving 953 values; 42338 bytes
[2024-06-15 04:37:21] Saving 953 values; 42338 bytes
[2024-06-15 04:37:21] Saving 954 values; 42378 bytes
[2024-06-15 04:37:21] Saving 954 values; 42378 bytes
[2024-06-15 05:27:58] Saving 954 values; 42378 bytes
[2024-06-15 05:39:50] Saving 956 values; 42425 bytes
[2024-06-15 05:55:20] Saving 956 values; 42425 bytes
[2024-06-15 07:40:04] Saving 957 values; 42442 bytes
[2024-06-15 07:40:04] Saving 957 values; 42442 bytes
[2024-06-15 17:01:28] Saving 957 values; 42442 bytes
[2024-06-26 13:59:55] Loaded 957 values
[2024-06-26 13:59:55] Backed up saves/settings.bin to saves/settings_backup.bin (42442 bytes)
[2024-06-26 13:59:57] Saving 957 values; 42442 bytes
[2024-06-26 14:00:27] Saving 957 values; 42442 bytes
[2024-06-26 14:00:27] Saving 957 values; 42442 bytes
[2024-06-26 14:00:28] Saving 957 values; 42442 bytes
[2024-06-26 14:01:10] Saving 958 values; 42474 bytes
[2024-06-26 14:01:14] Saving 958 values; 42474 bytes
[2024-06-26 14:01:41] Saving 958 values; 42474 bytes
[2024-06-26 14:01:41] Saving 958 values; 42474 bytes
[2024-06-26 14:01:41] Saving 958 values; 42474 bytes
[2024-06-26 14:01:53] Saving 959 values; 42506 bytes
[2024-06-26 14:02:22] Saving 959 values; 42506 bytes
[2024-06-26 14:02:29] Saving 959 values; 42506 bytes
[2024-06-26 14:02:29] Saving 959 values; 42506 bytes
[2024-06-26 14:02:29] Saving 959 values; 42506 bytes
[2024-06-26 14:03:26] Saving 960 values; 42538 bytes
[2024-06-26 14:03:28] Saving 960 values; 42538 bytes
[2024-06-26 14:04:30] Saving 960 values; 42538 bytes
[2024-06-26 14:04:30] Saving 960 values; 42538 bytes
[2024-06-26 14:04:31] Saving 960 values; 42538 bytes
[2024-06-26 14:04:35] Saving 961 values; 42570 bytes
[2024-06-26 14:04:47] Saving 962 values; 42589 bytes
[2024-06-26 14:08:28] Saving 962 values; 42589 bytes
[2024-06-26 14:08:38] Saving 962 values; 42589 bytes
[2024-06-26 14:08:38] Saving 962 values; 42589 bytes
[2024-06-26 14:08:38] Saving 962 values; 42589 bytes
[2024-06-26 14:08:41] Saving 968 values; 42947 bytes
[2024-06-26 14:09:13] Saving 968 values; 42947 bytes
[2024-06-26 14:09:48] Saving 968 values; 42947 bytes
[2024-06-26 14:09:48] Saving 968 values; 42947 bytes
[2024-06-26 14:09:48] Saving 968 values; 42947 bytes
[2024-06-26 14:10:15] Saving 969 values; 42979 bytes
[2024-09-11 18:13:24] Loaded 969 values
[2024-09-11 18:13:24] Backed up saves/settings.bin to saves/settings_backup.bin (42979 bytes)
[2024-09-11 18:13:27] Saving 969 values; 42979 bytes
[2024-09-11 18:13:32] Saving 969 values; 42979 bytes
[2024-09-11 18:22:57] Loaded 969 values
[2024-09-11 18:22:57] Backed up saves/settings.bin to saves/settings_backup.bin (42979 bytes)
[2024-09-11 18:22:59] Saving 969 values; 42979 bytes
[2024-09-11 18:23:21] Saving 969 values; 42979 bytes
[2024-09-11 18:23:21] Saving 970 values; 43020 bytes
[2024-09-11 18:23:22] Saving 970 values; 43020 bytes
[2024-09-11 18:44:03] Saving 971 values; 43068 bytes
[2024-09-11 18:44:03] Saving 971 values; 43068 bytes
[2024-09-11 18:44:11] Saving 971 values; 43068 bytes
[2024-09-11 18:44:20] Saving 971 values; 43068 bytes
[2024-09-11 18:44:35] Saving 971 values; 43068 bytes
[2024-09-11 18:44:35] Saving 972 values; 43106 bytes
[2024-09-11 18:44:36] Saving 972 values; 43106 bytes
[2024-09-11 18:52:17] Saving 973 values; 43124 bytes
[2024-09-11 18:52:17] Saving 973 values; 43124 bytes
[2024-09-11 18:52:19] Saving 973 values; 43124 bytes
[2024-09-11 20:54:22] Loaded 973 values
[2024-09-11 20:54:22] Backed up saves/settings.bin to saves/settings_backup.bin (43124 bytes)
[2024-09-11 20:54:24] Saving 973 values; 43124 bytes
[2024-09-11 20:54:28] Saving 974 values; 43168 bytes
[2024-09-11 20:54:35] Saving 974 values; 43181 bytes
[2024-09-11 20:54:48] Saving 974 values; 43181 bytes
[2024-09-11 20:54:50] Saving 974 values; 43154 bytes
[2024-09-11 20:54:50] Saving 974 values; 43154 bytes
[2024-09-11 20:54:50] Saving 974 values; 43154 bytes
[2024-09-11 20:54:50] Saving 974 values; 43154 bytes
[2024-09-11 20:54:53] Saving 974 values; 43154 bytes
[2024-09-11 20:54:53] Saving 974 values; 43190 bytes
[2024-09-11 20:54:53] Saving 974 values; 43190 bytes
[2024-09-11 21:05:55] Saving 977 values; 44317 bytes
[2024-09-11 21:06:05] Saving 977 values; 44287 bytes
[2024-09-11 21:06:07] Saving 977 values; 44287 bytes
[2024-09-11 21:06:07] Saving 977 values; 44287 bytes
[2024-09-11 21:06:07] Saving 977 values; 44287 bytes
[2024-09-11 21:06:10] Saving 977 values; 44287 bytes
[2024-09-11 21:06:10] Saving 977 values; 44332 bytes
[2024-09-11 21:06:10] Saving 977 values; 44332 bytes
[2024-09-11 21:08:01] Saving 979 values; 45317 bytes
[2024-09-11 21:26:41] Saving 981 values; 45610 bytes
[2024-09-11 21:26:48] Saving 982 values; 45627 bytes
[2024-09-11 21:26:51] Saving 983 values; 45657 bytes
[2024-09-11 21:26:55] Saving 984 values; 45683 bytes
[2024-09-11 21:27:07] Saving 984 values; 45683 bytes
[2024-09-11 21:36:30] Saving 984 values; 45718 bytes
[2024-09-11 21:36:34] Saving 985 values; 45746 bytes
[2024-09-11 21:36:35] Saving 986 values; 45772 bytes
[2024-09-11 21:36:37] Saving 987 values; 45799 bytes
[2024-09-11 21:44:22] Saving 990 values; 45912 bytes
[2024-09-11 21:44:23] Saving 991 values; 45935 bytes
[2024-09-11 21:44:33] Saving 992 values; 45970 bytes
[2024-09-11 21:44:34] Saving 993 values; 45987 bytes
[2024-09-11 21:44:34] Saving 994 values; 46007 bytes
[2024-09-11 21:44:35] Saving 995 values; 46025 bytes
[2024-09-11 21:44:35] Saving 996 values; 46042 bytes
[2024-09-11 21:45:26] Saving 997 values; 46085 bytes
[2024-09-11 21:45:40] Saving 997 values; 46116 bytes
[2024-09-11 21:45:45] Saving 997 values; 46116 bytes
[2024-09-11 21:45:45] Saving 997 values; 46175 bytes
[2024-09-11 21:45:45] Saving 997 values; 46175 bytes
[2024-09-11 21:50:32] Saving 1000 values; 47282 bytes
[2024-09-11 21:55:58] Saving 1001 values; 47314 bytes
[2024-09-11 21:56:03] Saving 1001 values; 47314 bytes
[2024-09-11 21:58:18] Saving 1001 values; 47369 bytes
[2024-09-11 21:58:19] Saving 1002 values; 47395 bytes
[2024-09-11 21:58:26] Saving 1003 values; 47425 bytes
[2024-09-11 21:58:28] Saving 1004 values; 47454 bytes
[2024-09-11 22:04:54] Saving 1004 values; 47568 bytes
[2024-09-11 22:04:59] Saving 1005 values; 47592 bytes
[2024-09-11 22:05:03] Saving 1006 values; 47621 bytes
[2024-09-11 22:05:07] Saving 1007 values; 47647 bytes
[2024-09-11 22:05:08] Saving 1007 values; 47608 bytes
[2024-09-11 22:05:08] Saving 1007 values; 47608 bytes
[2024-09-11 22:07:32] Saving 1007 values; 47600 bytes
[2024-09-11 22:07:36] Saving 1007 values; 47600 bytes
[2024-09-11 22:09:24] Saving 1007 values; 47563 bytes
[2024-09-11 22:09:32] Saving 1007 values; 47563 bytes
[2024-09-11 22:09:32] Saving 1007 values; 47563 bytes
[2024-09-11 22:09:32] Saving 1007 values; 47563 bytes
[2024-09-11 22:12:11] Saving 1007 values; 47543 bytes
[2024-09-11 22:13:03] Saving 1007 values; 47499 bytes
[2024-09-11 22:13:07] Saving 1007 values; 47438 bytes
[2024-09-11 22:13:07] Saving 1007 values; 47438 bytes
[2024-09-12 20:08:42] Loaded 1007 values
[2024-09-12 20:08:42] Backed up saves/settings.bin to saves/settings_backup.bin (47438 bytes)
[2024-09-12 20:08:45] Saving 1007 values; 47438 bytes
[2024-09-12 20:10:59] Saving 1007 values; 47410 bytes
[2024-09-12 20:11:30] Saving 1007 values; 47410 bytes
[2024-09-12 20:11:30] Saving 1007 values; 47410 bytes
[2024-09-12 20:11:30] Saving 1007 values; 47410 bytes
[2024-09-12 20:20:19] Saving 1007 values; 47523 bytes
[2024-09-12 20:22:05] Saving 1007 values; 47501 bytes
[2024-09-12 20:22:28] Saving 1008 values; 47517 bytes
[2024-09-12 20:22:30] Saving 1008 values; 47550 bytes
[2024-09-12 20:28:00] Saving 1008 values; 47561 bytes
[2024-09-12 20:28:13] Saving 1008 values; 47606 bytes
[2024-09-12 20:28:18] Saving 1008 values; 47591 bytes
[2024-09-12 20:28:18] Saving 1008 values; 47591 bytes
[2024-09-12 20:28:18] Saving 1008 values; 47591 bytes
[2024-09-12 20:29:00] Saving 1008 values; 47651 bytes
[2024-09-12 20:34:54] Saving 1008 values; 47733 bytes
[2024-09-12 20:34:58] Saving 1009 values; 47751 bytes
[2024-09-12 20:35:25] Saving 1010 values; 47778 bytes
[2024-09-12 20:35:31] Saving 1010 values; 47739 bytes
[2024-09-12 20:35:31] Saving 1011 values; 47764 bytes
[2024-09-12 20:35:35] Saving 1011 values; 47764 bytes
[2024-09-12 20:43:57] Saving 1011 values; 47803 bytes
[2024-09-12 20:43:59] Saving 1012 values; 47838 bytes
[2024-09-12 20:44:02] Saving 1013 values; 47870 bytes
[2024-09-12 20:44:04] Saving 1014 values; 47887 bytes
[2024-09-12 20:44:09] Saving 1014 values; 47887 bytes
[2024-09-12 20:44:11] Saving 1014 values; 47887 bytes
[2024-09-12 20:44:12] Saving 1014 values; 47887 bytes
[2024-09-12 20:44:17] Saving 1014 values; 47887 bytes
[2024-09-12 20:44:18] Saving 1014 values; 47887 bytes
[2024-09-12 20:44:20] Saving 1014 values; 47887 bytes
[2024-09-12 20:44:20] Saving 1015 values; 47914 bytes
[2024-09-12 20:44:23] Saving 1015 values; 47914 bytes
[2024-09-12 20:44:25] Saving 1015 values; 47914 bytes
[2024-09-12 20:44:31] Saving 1015 values; 47899 bytes
[2024-09-12 21:07:08] Saving 1015 values; 47985 bytes
[2024-09-12 21:07:09] Saving 1016 values; 47994 bytes
[2024-09-12 21:07:10] Saving 1017 values; 48013 bytes
[2024-09-12 21:07:11] Saving 1018 values; 48032 bytes
[2024-09-12 21:07:12] Saving 1019 values; 48053 bytes
[2024-09-12 21:07:13] Saving 1020 values; 48076 bytes
[2024-09-12 21:09:31] Saving 1020 values; 48065 bytes
[2024-09-12 21:09:31] Saving 1020 values; 48065 bytes
[2024-09-12 21:09:42] Saving 1020 values; 48065 bytes
[2024-09-12 21:10:02] Saving 1020 values; 48065 bytes
[2024-09-12 21:19:42] Saving 1020 values; 48137 bytes
[2024-09-12 21:20:57] Saving 1021 values; 48182 bytes
[2024-09-12 21:21:00] Saving 1022 values; 48210 bytes
[2024-09-12 21:21:01] Saving 1023 values; 48232 bytes
[2024-09-12 21:21:03] Saving 1023 values; 48232 bytes
[2024-09-12 21:29:15] Saving 1024 values; 48341 bytes
[2024-09-12 21:29:20] Saving 1025 values; 48370 bytes
[2024-09-12 21:29:22] Saving 1026 values; 48394 bytes
[2024-09-12 21:29:27] Saving 1026 values; 48394 bytes
[2024-09-12 21:29:32] Saving 1026 values; 48390 bytes
[2024-09-12 21:33:22] Saving 1026 values; 48405 bytes
[2024-09-12 21:33:32] Saving 1026 values; 48405 bytes
[2024-09-12 21:33:33] Saving 1026 values; 48405 bytes
[2024-09-12 21:33:40] Saving 1027 values; 48448 bytes
[2024-09-12 21:37:21] Saving 1027 values; 48448 bytes
[2024-09-12 21:37:23] Saving 1028 values; 48470 bytes
[2024-09-12 21:37:28] Saving 1028 values; 48470 bytes
[2024-09-12 21:37:32] Saving 1028 values; 48470 bytes
[2024-09-12 21:37:33] Saving 1028 values; 48471 bytes
[2024-09-12 21:38:53] Saving 1028 values; 48471 bytes
[2024-09-12 21:38:54] Saving 1028 values; 48471 bytes
[2024-09-12 21:39:04] Saving 1028 values; 48485 bytes
[2024-09-12 21:39:09] Saving 1028 values; 48454 bytes
[2024-09-12 21:39:09] Saving 1028 values; 48524 bytes
[2024-09-12 21:39:09] Saving 1028 values; 48524 bytes
[2024-09-12 21:43:14] Saving 1031 values; 49807 bytes
[2024-09-12 21:43:32] Saving 1031 values; 49807 bytes
[2024-09-12 21:44:17] Saving 1031 values; 49807 bytes
[2024-09-12 21:45:14] Saving 1031 values; 49768 bytes
[2024-09-12 21:45:58] Saving 1031 values; 49818 bytes
[2024-09-12 21:50:16] Saving 1031 values; 49757 bytes
[2024-09-12 22:00:31] Saving 1031 values; 49850 bytes
[2024-09-12 22:00:32] Saving 1031 values; 49838 bytes
[2024-09-12 22:01:57] Saving 1031 values; 49725 bytes
[2024-09-12 22:02:12] Saving 1031 values; 49725 bytes
[2024-09-12 22:02:12] Saving 1031 values; 49725 bytes
[2024-09-12 22:02:12] Saving 1031 values; 49725 bytes
[2024-09-12 22:04:43] Saving 1031 values; 49635 bytes
[2024-09-12 22:04:46] Saving 1031 values; 49635 bytes
[2024-09-12 22:04:48] Saving 1031 values; 49635 bytes
[2024-09-13 12:41:42] Loaded 1031 values
[2024-09-13 12:41:42] Backed up saves/settings.bin to saves/settings_backup.bin (49635 bytes)
[2024-09-13 12:41:47] Saving 1031 values; 49635 bytes
[2024-09-13 12:42:17] Saving 1031 values; 49589 bytes
[2024-09-13 12:42:19] Saving 1031 values; 49589 bytes
[2024-09-13 12:42:20] Saving 1031 values; 49589 bytes
[2024-09-13 12:42:20] Saving 1031 values; 49589 bytes
[2024-09-13 12:42:20] Saving 1031 values; 49589 bytes
[2024-09-13 12:42:24] Saving 1031 values; 49589 bytes
[2024-09-13 12:42:24] Saving 1031 values; 49589 bytes
[2024-09-13 12:42:24] Saving 1031 values; 49589 bytes
[2024-09-13 12:43:16] Saving 1031 values; 49579 bytes
[2024-09-13 12:43:19] Saving 1031 values; 49579 bytes
[2024-09-13 12:43:22] Saving 1031 values; 49602 bytes
[2024-09-13 12:43:24] Saving 1031 values; 49602 bytes
[2024-09-13 12:43:30] Saving 1031 values; 49602 bytes
[2024-09-13 12:43:56] Saving 1031 values; 49618 bytes
[2024-09-13 12:43:58] Saving 1031 values; 49618 bytes
[2024-09-13 12:44:00] Saving 1031 values; 49618 bytes
[2024-09-13 12:44:00] Saving 1031 values; 49618 bytes
[2024-09-13 12:44:00] Saving 1031 values; 49618 bytes
[2024-09-13 12:44:04] Saving 1031 values; 49618 bytes
[2024-09-13 12:44:07] Saving 1032 values; 49711 bytes
[2024-09-13 12:44:28] Saving 1034 values; 50661 bytes
[2024-09-13 12:44:34] Saving 1034 values; 50661 bytes
[2024-09-13 12:44:43] Saving 1034 values; 50661 bytes
[2024-09-13 12:45:26] Saving 1034 values; 50661 bytes
[2024-09-13 12:46:26] Saving 1034 values; 50661 bytes
[2024-09-13 12:47:26] Saving 1034 values; 50661 bytes
[2024-09-13 12:48:26] Saving 1034 values; 50661 bytes
[2024-09-13 12:49:26] Saving 1034 values; 50661 bytes
[2024-09-13 12:50:26] Saving 1034 values; 50661 bytes
[2024-09-13 12:51:26] Saving 1034 values; 50661 bytes
[2024-09-13 12:52:44] Saving 1034 values; 50712 bytes
[2024-09-13 12:56:10] Saving 1035 values; 50847 bytes
[2024-09-13 12:56:16] Saving 1035 values; 50847 bytes
[2024-09-13 12:56:27] Saving 1035 values; 50858 bytes
[2024-09-13 12:57:27] Saving 1035 values; 50858 bytes
[2024-09-13 12:58:27] Saving 1035 values; 50858 bytes
[2024-09-13 12:59:27] Saving 1035 values; 50858 bytes
[2024-09-13 12:59:51] Saving 1035 values; 50858 bytes
[2024-09-13 13:00:27] Saving 1035 values; 50858 bytes
[2024-09-13 13:01:27] Saving 1035 values; 50858 bytes
[2024-09-13 13:02:27] Saving 1035 values; 50858 bytes
[2024-09-13 13:03:27] Saving 1035 values; 50858 bytes
[2024-09-13 13:04:27] Saving 1035 values; 50858 bytes
[2024-09-13 13:05:27] Saving 1035 values; 50858 bytes
[2024-09-13 13:06:27] Saving 1035 values; 50858 bytes
[2024-09-13 13:07:27] Saving 1035 values; 50858 bytes
[2024-09-13 13:08:27] Saving 1035 values; 50858 bytes
[2024-09-13 13:09:27] Saving 1035 values; 50858 bytes
[2024-09-13 13:10:27] Saving 1035 values; 50858 bytes
[2024-09-13 13:11:27] Saving 1035 values; 50858 bytes
[2024-09-13 13:12:27] Saving 1035 values; 50858 bytes
[2024-09-13 13:13:27] Saving 1035 values; 50858 bytes
[2024-09-13 13:14:27] Saving 1035 values; 50858 bytes
[2024-09-13 13:15:27] Saving 1035 values; 50858 bytes
[2024-09-13 13:16:27] Saving 1035 values; 50858 bytes
[2024-09-13 13:17:27] Saving 1035 values; 50858 bytes
[2024-09-13 13:18:27] Saving 1035 values; 50858 bytes
[2024-09-13 13:19:27] Saving 1035 values; 50858 bytes
[2024-09-13 13:20:27] Saving 1035 values; 50858 bytes
[2024-09-13 13:21:27] Saving 1035 values; 50858 bytes
[2024-09-13 13:22:27] Saving 1035 values; 50858 bytes
[2024-09-13 13:23:27] Saving 1035 values; 50858 bytes
[2024-09-13 13:24:27] Saving 1035 values; 50858 bytes
[2024-09-13 13:25:27] Saving 1035 values; 50858 bytes
[2024-09-13 13:26:27] Saving 1035 values; 50858 bytes
[2024-09-13 13:27:27] Saving 1035 values; 50858 bytes
[2024-09-13 13:28:27] Saving 1035 values; 50858 bytes
[2024-09-13 13:29:27] Saving 1035 values; 50858 bytes
[2024-09-13 13:30:27] Saving 1035 values; 50858 bytes
[2024-09-13 13:31:27] Saving 1035 values; 50858 bytes
[2024-09-13 13:32:27] Saving 1035 values; 50858 bytes
[2024-09-13 13:33:27] Saving 1035 values; 50858 bytes
[2024-09-13 13:34:27] Saving 1035 values; 50858 bytes
[2024-09-13 13:35:27] Saving 1035 values; 50858 bytes
[2024-09-13 13:36:27] Saving 1035 values; 50858 bytes
[2024-09-13 13:37:27] Saving 1035 values; 50858 bytes
